{"/Users/dylanwootton/Documents/Figma Plugin/Vega-fi/src/SVGPaths.js": {"path":"/Users/dylanwootton/Documents/Figma Plugin/Vega-fi/src/SVGPaths.js","statementMap":{"0":{"start":{"line":15,"column":4},"end":{"line":15,"column":23}},"1":{"start":{"line":16,"column":4},"end":{"line":16,"column":17}},"2":{"start":{"line":22,"column":4},"end":{"line":22,"column":34}},"3":{"start":{"line":23,"column":4},"end":{"line":23,"column":21}},"4":{"start":{"line":24,"column":4},"end":{"line":24,"column":33}},"5":{"start":{"line":25,"column":4},"end":{"line":25,"column":56}},"6":{"start":{"line":26,"column":4},"end":{"line":26,"column":50}},"7":{"start":{"line":27,"column":4},"end":{"line":27,"column":49}},"8":{"start":{"line":28,"column":4},"end":{"line":28,"column":48}},"9":{"start":{"line":29,"column":4},"end":{"line":29,"column":50}},"10":{"start":{"line":30,"column":4},"end":{"line":30,"column":42}},"11":{"start":{"line":31,"column":14},"end":{"line":31,"column":47}},"12":{"start":{"line":32,"column":4},"end":{"line":34,"column":5}},"13":{"start":{"line":33,"column":6},"end":{"line":33,"column":38}},"14":{"start":{"line":35,"column":4},"end":{"line":37,"column":5}},"15":{"start":{"line":36,"column":6},"end":{"line":36,"column":36}},"16":{"start":{"line":38,"column":15},"end":{"line":38,"column":29}},"17":{"start":{"line":39,"column":15},"end":{"line":39,"column":17}},"18":{"start":{"line":40,"column":15},"end":{"line":40,"column":16}},"19":{"start":{"line":41,"column":15},"end":{"line":41,"column":16}},"20":{"start":{"line":42,"column":15},"end":{"line":42,"column":16}},"21":{"start":{"line":43,"column":15},"end":{"line":43,"column":16}},"22":{"start":{"line":44,"column":12},"end":{"line":44,"column":13}},"23":{"start":{"line":45,"column":12},"end":{"line":45,"column":13}},"24":{"start":{"line":46,"column":4},"end":{"line":46,"column":23}},"25":{"start":{"line":48,"column":4},"end":{"line":124,"column":5}},"26":{"start":{"line":49,"column":16},"end":{"line":49,"column":29}},"27":{"start":{"line":50,"column":6},"end":{"line":50,"column":22}},"28":{"start":{"line":51,"column":8},"end":{"line":51,"column":28}},"29":{"start":{"line":52,"column":6},"end":{"line":57,"column":7}},"30":{"start":{"line":53,"column":8},"end":{"line":53,"column":26}},"31":{"start":{"line":55,"column":8},"end":{"line":55,"column":30}},"32":{"start":{"line":55,"column":24},"end":{"line":55,"column":30}},"33":{"start":{"line":56,"column":8},"end":{"line":56,"column":61}},"34":{"start":{"line":58,"column":6},"end":{"line":58,"column":19}},"35":{"start":{"line":60,"column":6},"end":{"line":118,"column":7}},"36":{"start":{"line":63,"column":10},"end":{"line":63,"column":23}},"37":{"start":{"line":64,"column":10},"end":{"line":64,"column":23}},"38":{"start":{"line":65,"column":10},"end":{"line":65,"column":16}},"39":{"start":{"line":71,"column":10},"end":{"line":71,"column":58}},"40":{"start":{"line":72,"column":10},"end":{"line":72,"column":58}},"41":{"start":{"line":73,"column":10},"end":{"line":73,"column":45}},"42":{"start":{"line":74,"column":10},"end":{"line":74,"column":45}},"43":{"start":{"line":75,"column":10},"end":{"line":75,"column":16}},"44":{"start":{"line":81,"column":10},"end":{"line":81,"column":65}},"45":{"start":{"line":82,"column":10},"end":{"line":82,"column":65}},"46":{"start":{"line":83,"column":10},"end":{"line":83,"column":45}},"47":{"start":{"line":84,"column":10},"end":{"line":84,"column":45}},"48":{"start":{"line":85,"column":10},"end":{"line":85,"column":16}},"49":{"start":{"line":88,"column":10},"end":{"line":88,"column":37}},"50":{"start":{"line":89,"column":10},"end":{"line":89,"column":37}},"51":{"start":{"line":90,"column":10},"end":{"line":90,"column":37}},"52":{"start":{"line":91,"column":10},"end":{"line":91,"column":37}},"53":{"start":{"line":92,"column":10},"end":{"line":92,"column":37}},"54":{"start":{"line":93,"column":10},"end":{"line":93,"column":78}},"55":{"start":{"line":94,"column":10},"end":{"line":94,"column":78}},"56":{"start":{"line":95,"column":10},"end":{"line":95,"column":16}},"57":{"start":{"line":99,"column":10},"end":{"line":99,"column":64}},"58":{"start":{"line":100,"column":10},"end":{"line":100,"column":64}},"59":{"start":{"line":101,"column":10},"end":{"line":101,"column":64}},"60":{"start":{"line":102,"column":10},"end":{"line":102,"column":64}},"61":{"start":{"line":103,"column":10},"end":{"line":103,"column":36}},"62":{"start":{"line":104,"column":10},"end":{"line":104,"column":36}},"63":{"start":{"line":105,"column":10},"end":{"line":105,"column":16}},"64":{"start":{"line":109,"column":10},"end":{"line":109,"column":71}},"65":{"start":{"line":110,"column":10},"end":{"line":110,"column":71}},"66":{"start":{"line":111,"column":10},"end":{"line":111,"column":71}},"67":{"start":{"line":112,"column":10},"end":{"line":112,"column":71}},"68":{"start":{"line":113,"column":10},"end":{"line":113,"column":43}},"69":{"start":{"line":114,"column":10},"end":{"line":114,"column":43}},"70":{"start":{"line":115,"column":10},"end":{"line":115,"column":16}},"71":{"start":{"line":117,"column":10},"end":{"line":117,"column":14}},"72":{"start":{"line":119,"column":6},"end":{"line":119,"column":20}},"73":{"start":{"line":120,"column":6},"end":{"line":120,"column":20}},"74":{"start":{"line":121,"column":6},"end":{"line":121,"column":19}},"75":{"start":{"line":122,"column":6},"end":{"line":122,"column":19}},"76":{"start":{"line":123,"column":6},"end":{"line":123,"column":31}},"77":{"start":{"line":128,"column":14},"end":{"line":128,"column":16}},"78":{"start":{"line":129,"column":14},"end":{"line":129,"column":16}},"79":{"start":{"line":130,"column":4},"end":{"line":201,"column":5}},"80":{"start":{"line":130,"column":17},"end":{"line":130,"column":18}},"81":{"start":{"line":131,"column":16},"end":{"line":131,"column":52}},"82":{"start":{"line":133,"column":6},"end":{"line":133,"column":23}},"83":{"start":{"line":134,"column":6},"end":{"line":199,"column":7}},"84":{"start":{"line":137,"column":10},"end":{"line":137,"column":23}},"85":{"start":{"line":138,"column":10},"end":{"line":138,"column":16}},"86":{"start":{"line":141,"column":10},"end":{"line":141,"column":45}},"87":{"start":{"line":142,"column":10},"end":{"line":142,"column":16}},"88":{"start":{"line":144,"column":10},"end":{"line":144,"column":56}},"89":{"start":{"line":145,"column":10},"end":{"line":145,"column":37}},"90":{"start":{"line":146,"column":10},"end":{"line":146,"column":16}},"91":{"start":{"line":148,"column":10},"end":{"line":148,"column":56}},"92":{"start":{"line":149,"column":10},"end":{"line":149,"column":37}},"93":{"start":{"line":150,"column":10},"end":{"line":150,"column":16}},"94":{"start":{"line":153,"column":10},"end":{"line":153,"column":44}},"95":{"start":{"line":154,"column":10},"end":{"line":154,"column":23}},"96":{"start":{"line":155,"column":10},"end":{"line":155,"column":16}},"97":{"start":{"line":158,"column":10},"end":{"line":158,"column":44}},"98":{"start":{"line":159,"column":10},"end":{"line":159,"column":23}},"99":{"start":{"line":160,"column":10},"end":{"line":160,"column":16}},"100":{"start":{"line":163,"column":10},"end":{"line":163,"column":44}},"101":{"start":{"line":164,"column":10},"end":{"line":177,"column":18}},"102":{"start":{"line":178,"column":10},"end":{"line":178,"column":16}},"103":{"start":{"line":181,"column":10},"end":{"line":181,"column":44}},"104":{"start":{"line":182,"column":10},"end":{"line":182,"column":97}},"105":{"start":{"line":183,"column":10},"end":{"line":183,"column":16}},"106":{"start":{"line":186,"column":10},"end":{"line":186,"column":44}},"107":{"start":{"line":187,"column":10},"end":{"line":187,"column":67}},"108":{"start":{"line":188,"column":10},"end":{"line":188,"column":16}},"109":{"start":{"line":191,"column":10},"end":{"line":191,"column":44}},"110":{"start":{"line":192,"column":10},"end":{"line":192,"column":67}},"111":{"start":{"line":193,"column":10},"end":{"line":193,"column":16}},"112":{"start":{"line":196,"column":10},"end":{"line":196,"column":44}},"113":{"start":{"line":197,"column":10},"end":{"line":197,"column":37}},"114":{"start":{"line":198,"column":10},"end":{"line":198,"column":16}},"115":{"start":{"line":200,"column":6},"end":{"line":200,"column":18}},"116":{"start":{"line":202,"column":4},"end":{"line":202,"column":31}},"117":{"start":{"line":203,"column":4},"end":{"line":203,"column":34}},"118":{"start":{"line":204,"column":4},"end":{"line":204,"column":37}},"119":{"start":{"line":205,"column":4},"end":{"line":205,"column":37}},"120":{"start":{"line":206,"column":4},"end":{"line":206,"column":15}},"121":{"start":{"line":211,"column":15},"end":{"line":211,"column":17}},"122":{"start":{"line":212,"column":4},"end":{"line":214,"column":5}},"123":{"start":{"line":212,"column":17},"end":{"line":212,"column":18}},"124":{"start":{"line":213,"column":6},"end":{"line":213,"column":55}},"125":{"start":{"line":215,"column":4},"end":{"line":215,"column":16}},"126":{"start":{"line":220,"column":4},"end":{"line":220,"column":24}},"127":{"start":{"line":221,"column":4},"end":{"line":221,"column":30}},"128":{"start":{"line":221,"column":21},"end":{"line":221,"column":30}},"129":{"start":{"line":222,"column":4},"end":{"line":222,"column":27}},"130":{"start":{"line":222,"column":18},"end":{"line":222,"column":27}},"131":{"start":{"line":224,"column":4},"end":{"line":226,"column":5}},"132":{"start":{"line":224,"column":17},"end":{"line":224,"column":18}},"133":{"start":{"line":225,"column":6},"end":{"line":225,"column":33}},"134":{"start":{"line":229,"column":4},"end":{"line":238,"column":5}},"135":{"start":{"line":229,"column":17},"end":{"line":229,"column":18}},"136":{"start":{"line":230,"column":6},"end":{"line":237,"column":7}},"137":{"start":{"line":231,"column":8},"end":{"line":231,"column":67}},"138":{"start":{"line":232,"column":13},"end":{"line":237,"column":7}},"139":{"start":{"line":236,"column":8},"end":{"line":236,"column":67}},"140":{"start":{"line":240,"column":12},"end":{"line":240,"column":14}},"141":{"start":{"line":241,"column":4},"end":{"line":268,"column":5}},"142":{"start":{"line":241,"column":17},"end":{"line":241,"column":18}},"143":{"start":{"line":242,"column":15},"end":{"line":242,"column":55}},"144":{"start":{"line":243,"column":15},"end":{"line":243,"column":55}},"145":{"start":{"line":245,"column":6},"end":{"line":249,"column":7}},"146":{"start":{"line":246,"column":8},"end":{"line":246,"column":36}},"147":{"start":{"line":247,"column":8},"end":{"line":247,"column":70}},"148":{"start":{"line":248,"column":8},"end":{"line":248,"column":70}},"149":{"start":{"line":251,"column":6},"end":{"line":253,"column":7}},"150":{"start":{"line":252,"column":8},"end":{"line":252,"column":36}},"151":{"start":{"line":255,"column":6},"end":{"line":267,"column":7}},"152":{"start":{"line":260,"column":16},"end":{"line":260,"column":29}},"153":{"start":{"line":261,"column":8},"end":{"line":263,"column":9}},"154":{"start":{"line":262,"column":10},"end":{"line":262,"column":42}},"155":{"start":{"line":264,"column":8},"end":{"line":264,"column":14}},"156":{"start":{"line":266,"column":8},"end":{"line":266,"column":15}},"157":{"start":{"line":271,"column":4},"end":{"line":273,"column":5}},"158":{"start":{"line":272,"column":6},"end":{"line":272,"column":77}},"159":{"start":{"line":276,"column":4},"end":{"line":278,"column":5}},"160":{"start":{"line":277,"column":6},"end":{"line":277,"column":57}},"161":{"start":{"line":281,"column":12},"end":{"line":281,"column":32}},"162":{"start":{"line":282,"column":4},"end":{"line":284,"column":5}},"163":{"start":{"line":283,"column":6},"end":{"line":283,"column":67}},"164":{"start":{"line":283,"column":40},"end":{"line":283,"column":67}},"165":{"start":{"line":286,"column":4},"end":{"line":286,"column":26}},"166":{"start":{"line":286,"column":19},"end":{"line":286,"column":26}},"167":{"start":{"line":289,"column":4},"end":{"line":297,"column":5}},"168":{"start":{"line":289,"column":17},"end":{"line":289,"column":18}},"169":{"start":{"line":290,"column":6},"end":{"line":290,"column":60}},"170":{"start":{"line":290,"column":51},"end":{"line":290,"column":60}},"171":{"start":{"line":291,"column":15},"end":{"line":291,"column":58}},"172":{"start":{"line":292,"column":15},"end":{"line":292,"column":58}},"173":{"start":{"line":293,"column":14},"end":{"line":293,"column":42}},"174":{"start":{"line":294,"column":6},"end":{"line":296,"column":7}},"175":{"start":{"line":295,"column":8},"end":{"line":295,"column":47}},"176":{"start":{"line":301,"column":4},"end":{"line":303,"column":5}},"177":{"start":{"line":301,"column":17},"end":{"line":301,"column":18}},"178":{"start":{"line":302,"column":6},"end":{"line":302,"column":60}},"179":{"start":{"line":308,"column":4},"end":{"line":310,"column":5}},"180":{"start":{"line":308,"column":17},"end":{"line":308,"column":18}},"181":{"start":{"line":309,"column":6},"end":{"line":309,"column":60}},"182":{"start":{"line":315,"column":4},"end":{"line":315,"column":18}},"183":{"start":{"line":316,"column":4},"end":{"line":316,"column":24}},"184":{"start":{"line":316,"column":18},"end":{"line":316,"column":24}},"185":{"start":{"line":317,"column":4},"end":{"line":317,"column":22}},"186":{"start":{"line":317,"column":15},"end":{"line":317,"column":22}},"187":{"start":{"line":318,"column":4},"end":{"line":318,"column":29}},"188":{"start":{"line":323,"column":4},"end":{"line":332,"column":5}},"189":{"start":{"line":323,"column":17},"end":{"line":323,"column":18}},"190":{"start":{"line":324,"column":6},"end":{"line":324,"column":31}},"191":{"start":{"line":325,"column":6},"end":{"line":325,"column":31}},"192":{"start":{"line":326,"column":6},"end":{"line":326,"column":32}},"193":{"start":{"line":327,"column":6},"end":{"line":327,"column":32}},"194":{"start":{"line":328,"column":6},"end":{"line":328,"column":100}},"195":{"start":{"line":329,"column":6},"end":{"line":329,"column":100}},"196":{"start":{"line":330,"column":6},"end":{"line":330,"column":100}},"197":{"start":{"line":331,"column":6},"end":{"line":331,"column":100}},"198":{"start":{"line":333,"column":4},"end":{"line":333,"column":28}},"199":{"start":{"line":334,"column":4},"end":{"line":334,"column":28}},"200":{"start":{"line":341,"column":4},"end":{"line":362,"column":5}},"201":{"start":{"line":341,"column":17},"end":{"line":341,"column":18}},"202":{"start":{"line":342,"column":6},"end":{"line":351,"column":7}},"203":{"start":{"line":343,"column":8},"end":{"line":343,"column":58}},"204":{"start":{"line":344,"column":8},"end":{"line":344,"column":60}},"205":{"start":{"line":345,"column":8},"end":{"line":346,"column":87}},"206":{"start":{"line":347,"column":8},"end":{"line":348,"column":87}},"207":{"start":{"line":349,"column":8},"end":{"line":350,"column":87}},"208":{"start":{"line":352,"column":6},"end":{"line":361,"column":7}},"209":{"start":{"line":353,"column":8},"end":{"line":353,"column":58}},"210":{"start":{"line":354,"column":8},"end":{"line":354,"column":60}},"211":{"start":{"line":355,"column":8},"end":{"line":356,"column":87}},"212":{"start":{"line":357,"column":8},"end":{"line":358,"column":87}},"213":{"start":{"line":359,"column":8},"end":{"line":360,"column":87}},"214":{"start":{"line":363,"column":4},"end":{"line":363,"column":28}},"215":{"start":{"line":364,"column":4},"end":{"line":364,"column":28}},"216":{"start":{"line":368,"column":15},"end":{"line":368,"column":33}},"217":{"start":{"line":369,"column":15},"end":{"line":369,"column":33}},"218":{"start":{"line":370,"column":15},"end":{"line":370,"column":33}},"219":{"start":{"line":371,"column":15},"end":{"line":371,"column":33}},"220":{"start":{"line":372,"column":4},"end":{"line":377,"column":5}},"221":{"start":{"line":372,"column":17},"end":{"line":372,"column":18}},"222":{"start":{"line":373,"column":6},"end":{"line":373,"column":67}},"223":{"start":{"line":374,"column":6},"end":{"line":374,"column":67}},"224":{"start":{"line":375,"column":6},"end":{"line":375,"column":67}},"225":{"start":{"line":376,"column":6},"end":{"line":376,"column":67}},"226":{"start":{"line":378,"column":16},"end":{"line":378,"column":27}},"227":{"start":{"line":379,"column":17},"end":{"line":379,"column":28}},"228":{"start":{"line":380,"column":4},"end":{"line":380,"column":45}},"229":{"start":{"line":385,"column":15},"end":{"line":385,"column":33}},"230":{"start":{"line":386,"column":15},"end":{"line":386,"column":33}},"231":{"start":{"line":387,"column":15},"end":{"line":387,"column":33}},"232":{"start":{"line":388,"column":15},"end":{"line":388,"column":33}},"233":{"start":{"line":389,"column":4},"end":{"line":394,"column":5}},"234":{"start":{"line":389,"column":17},"end":{"line":389,"column":18}},"235":{"start":{"line":390,"column":6},"end":{"line":390,"column":67}},"236":{"start":{"line":391,"column":6},"end":{"line":391,"column":67}},"237":{"start":{"line":392,"column":6},"end":{"line":392,"column":67}},"238":{"start":{"line":393,"column":6},"end":{"line":393,"column":67}},"239":{"start":{"line":395,"column":13},"end":{"line":395,"column":41}},"240":{"start":{"line":396,"column":13},"end":{"line":396,"column":41}},"241":{"start":{"line":397,"column":4},"end":{"line":397,"column":22}},"242":{"start":{"line":402,"column":4},"end":{"line":402,"column":26}},"243":{"start":{"line":403,"column":4},"end":{"line":403,"column":29}},"244":{"start":{"line":403,"column":22},"end":{"line":403,"column":29}},"245":{"start":{"line":404,"column":4},"end":{"line":404,"column":27}},"246":{"start":{"line":404,"column":20},"end":{"line":404,"column":27}},"247":{"start":{"line":405,"column":4},"end":{"line":417,"column":5}},"248":{"start":{"line":405,"column":17},"end":{"line":405,"column":18}},"249":{"start":{"line":406,"column":16},"end":{"line":406,"column":32}},"250":{"start":{"line":407,"column":6},"end":{"line":407,"column":21}},"251":{"start":{"line":408,"column":6},"end":{"line":408,"column":21}},"252":{"start":{"line":409,"column":6},"end":{"line":409,"column":22}},"253":{"start":{"line":410,"column":6},"end":{"line":410,"column":22}},"254":{"start":{"line":411,"column":6},"end":{"line":411,"column":64}},"255":{"start":{"line":412,"column":6},"end":{"line":412,"column":64}},"256":{"start":{"line":413,"column":6},"end":{"line":413,"column":64}},"257":{"start":{"line":414,"column":6},"end":{"line":414,"column":64}},"258":{"start":{"line":415,"column":6},"end":{"line":415,"column":64}},"259":{"start":{"line":416,"column":6},"end":{"line":416,"column":64}},"260":{"start":{"line":422,"column":4},"end":{"line":422,"column":23}},"261":{"start":{"line":423,"column":14},"end":{"line":423,"column":25}},"262":{"start":{"line":424,"column":14},"end":{"line":424,"column":25}},"263":{"start":{"line":425,"column":4},"end":{"line":448,"column":5}},"264":{"start":{"line":425,"column":17},"end":{"line":425,"column":18}},"265":{"start":{"line":426,"column":15},"end":{"line":426,"column":82}},"266":{"start":{"line":427,"column":6},"end":{"line":427,"column":33}},"267":{"start":{"line":428,"column":6},"end":{"line":428,"column":33}},"268":{"start":{"line":429,"column":15},"end":{"line":429,"column":84}},"269":{"start":{"line":430,"column":6},"end":{"line":430,"column":34}},"270":{"start":{"line":431,"column":6},"end":{"line":431,"column":34}},"271":{"start":{"line":432,"column":6},"end":{"line":436,"column":7}},"272":{"start":{"line":433,"column":17},"end":{"line":433,"column":86}},"273":{"start":{"line":434,"column":8},"end":{"line":434,"column":36}},"274":{"start":{"line":435,"column":8},"end":{"line":435,"column":36}},"275":{"start":{"line":437,"column":6},"end":{"line":441,"column":7}},"276":{"start":{"line":438,"column":17},"end":{"line":438,"column":86}},"277":{"start":{"line":439,"column":8},"end":{"line":439,"column":36}},"278":{"start":{"line":440,"column":8},"end":{"line":440,"column":36}},"279":{"start":{"line":442,"column":6},"end":{"line":444,"column":7}},"280":{"start":{"line":443,"column":8},"end":{"line":443,"column":33}},"281":{"start":{"line":445,"column":6},"end":{"line":447,"column":7}},"282":{"start":{"line":446,"column":8},"end":{"line":446,"column":33}},"283":{"start":{"line":449,"column":4},"end":{"line":449,"column":28}},"284":{"start":{"line":450,"column":4},"end":{"line":450,"column":28}},"285":{"start":{"line":454,"column":14},"end":{"line":454,"column":27}},"286":{"start":{"line":455,"column":4},"end":{"line":455,"column":16}},"287":{"start":{"line":456,"column":4},"end":{"line":456,"column":84}},"288":{"start":{"line":457,"column":4},"end":{"line":457,"column":84}},"289":{"start":{"line":458,"column":4},"end":{"line":458,"column":33}},"290":{"start":{"line":459,"column":4},"end":{"line":459,"column":33}},"291":{"start":{"line":460,"column":4},"end":{"line":461,"column":112}},"292":{"start":{"line":462,"column":4},"end":{"line":463,"column":112}},"293":{"start":{"line":464,"column":4},"end":{"line":465,"column":112}},"294":{"start":{"line":466,"column":4},"end":{"line":467,"column":112}},"295":{"start":{"line":468,"column":4},"end":{"line":468,"column":65}},"296":{"start":{"line":469,"column":4},"end":{"line":469,"column":65}},"297":{"start":{"line":470,"column":4},"end":{"line":470,"column":65}},"298":{"start":{"line":471,"column":4},"end":{"line":471,"column":18}},"299":{"start":{"line":472,"column":4},"end":{"line":472,"column":18}},"300":{"start":{"line":473,"column":4},"end":{"line":473,"column":22}},"301":{"start":{"line":474,"column":4},"end":{"line":476,"column":5}},"302":{"start":{"line":475,"column":6},"end":{"line":475,"column":85}},"303":{"start":{"line":477,"column":4},"end":{"line":479,"column":5}},"304":{"start":{"line":478,"column":6},"end":{"line":478,"column":71}},"305":{"start":{"line":480,"column":4},"end":{"line":480,"column":15}},"306":{"start":{"line":483,"column":4},"end":{"line":483,"column":33}},"307":{"start":{"line":483,"column":22},"end":{"line":483,"column":33}},"308":{"start":{"line":484,"column":4},"end":{"line":491,"column":5}},"309":{"start":{"line":485,"column":6},"end":{"line":485,"column":17}},"310":{"start":{"line":486,"column":11},"end":{"line":491,"column":5}},"311":{"start":{"line":487,"column":6},"end":{"line":487,"column":29}},"312":{"start":{"line":489,"column":16},"end":{"line":489,"column":38}},"313":{"start":{"line":490,"column":6},"end":{"line":490,"column":41}},"314":{"start":{"line":497,"column":4},"end":{"line":497,"column":16}},"315":{"start":{"line":498,"column":4},"end":{"line":498,"column":23}},"316":{"start":{"line":499,"column":4},"end":{"line":499,"column":23}},"317":{"start":{"line":500,"column":4},"end":{"line":500,"column":24}},"318":{"start":{"line":501,"column":4},"end":{"line":501,"column":24}},"319":{"start":{"line":502,"column":4},"end":{"line":502,"column":24}},"320":{"start":{"line":503,"column":4},"end":{"line":503,"column":24}},"321":{"start":{"line":504,"column":4},"end":{"line":504,"column":24}},"322":{"start":{"line":505,"column":4},"end":{"line":505,"column":24}},"323":{"start":{"line":506,"column":4},"end":{"line":506,"column":24}},"324":{"start":{"line":507,"column":4},"end":{"line":507,"column":24}},"325":{"start":{"line":508,"column":4},"end":{"line":508,"column":24}},"326":{"start":{"line":509,"column":4},"end":{"line":509,"column":24}},"327":{"start":{"line":510,"column":4},"end":{"line":510,"column":24}},"328":{"start":{"line":511,"column":4},"end":{"line":511,"column":19}},"329":{"start":{"line":512,"column":4},"end":{"line":512,"column":20}},"330":{"start":{"line":520,"column":10},"end":{"line":520,"column":48}},"331":{"start":{"line":521,"column":10},"end":{"line":521,"column":48}},"332":{"start":{"line":522,"column":2},"end":{"line":522,"column":16}},"333":{"start":{"line":526,"column":15},"end":{"line":526,"column":31}},"334":{"start":{"line":527,"column":2},"end":{"line":529,"column":3}},"335":{"start":{"line":528,"column":4},"end":{"line":528,"column":26}},"336":{"start":{"line":530,"column":2},"end":{"line":530,"column":16}}},"fnMap":{"0":{"name":"(anonymous_0)","decl":{"start":{"line":13,"column":2},"end":{"line":13,"column":3}},"loc":{"start":{"line":13,"column":16},"end":{"line":17,"column":3}},"line":13},"1":{"name":"(anonymous_1)","decl":{"start":{"line":21,"column":2},"end":{"line":21,"column":3}},"loc":{"start":{"line":21,"column":20},"end":{"line":125,"column":3}},"line":21},"2":{"name":"(anonymous_2)","decl":{"start":{"line":127,"column":2},"end":{"line":127,"column":3}},"loc":{"start":{"line":127,"column":11},"end":{"line":207,"column":3}},"line":127},"3":{"name":"(anonymous_3)","decl":{"start":{"line":210,"column":2},"end":{"line":210,"column":3}},"loc":{"start":{"line":210,"column":15},"end":{"line":216,"column":3}},"line":210},"4":{"name":"(anonymous_4)","decl":{"start":{"line":219,"column":2},"end":{"line":219,"column":3}},"loc":{"start":{"line":219,"column":16},"end":{"line":298,"column":3}},"line":219},"5":{"name":"(anonymous_5)","decl":{"start":{"line":300,"column":2},"end":{"line":300,"column":3}},"loc":{"start":{"line":300,"column":13},"end":{"line":304,"column":3}},"line":300},"6":{"name":"(anonymous_6)","decl":{"start":{"line":307,"column":2},"end":{"line":307,"column":3}},"loc":{"start":{"line":307,"column":13},"end":{"line":311,"column":3}},"line":307},"7":{"name":"(anonymous_7)","decl":{"start":{"line":314,"column":2},"end":{"line":314,"column":3}},"loc":{"start":{"line":314,"column":11},"end":{"line":319,"column":3}},"line":314},"8":{"name":"(anonymous_8)","decl":{"start":{"line":322,"column":2},"end":{"line":322,"column":3}},"loc":{"start":{"line":322,"column":15},"end":{"line":335,"column":3}},"line":322},"9":{"name":"(anonymous_9)","decl":{"start":{"line":340,"column":2},"end":{"line":340,"column":3}},"loc":{"start":{"line":340,"column":13},"end":{"line":365,"column":3}},"line":340},"10":{"name":"(anonymous_10)","decl":{"start":{"line":367,"column":2},"end":{"line":367,"column":3}},"loc":{"start":{"line":367,"column":19},"end":{"line":381,"column":3}},"line":367},"11":{"name":"(anonymous_11)","decl":{"start":{"line":384,"column":2},"end":{"line":384,"column":3}},"loc":{"start":{"line":384,"column":15},"end":{"line":398,"column":3}},"line":384},"12":{"name":"(anonymous_12)","decl":{"start":{"line":401,"column":2},"end":{"line":401,"column":3}},"loc":{"start":{"line":401,"column":15},"end":{"line":418,"column":3}},"line":401},"13":{"name":"(anonymous_13)","decl":{"start":{"line":421,"column":2},"end":{"line":421,"column":3}},"loc":{"start":{"line":421,"column":18},"end":{"line":451,"column":3}},"line":421},"14":{"name":"(anonymous_14)","decl":{"start":{"line":453,"column":2},"end":{"line":453,"column":3}},"loc":{"start":{"line":453,"column":19},"end":{"line":481,"column":3}},"line":453},"15":{"name":"(anonymous_15)","decl":{"start":{"line":482,"column":2},"end":{"line":482,"column":3}},"loc":{"start":{"line":482,"column":16},"end":{"line":492,"column":3}},"line":482},"16":{"name":"(anonymous_16)","decl":{"start":{"line":496,"column":2},"end":{"line":496,"column":3}},"loc":{"start":{"line":496,"column":16},"end":{"line":513,"column":3}},"line":496},"17":{"name":"rotatePoint","decl":{"start":{"line":519,"column":9},"end":{"line":519,"column":20}},"loc":{"start":{"line":519,"column":47},"end":{"line":523,"column":1}},"line":519},"18":{"name":"atan3","decl":{"start":{"line":525,"column":9},"end":{"line":525,"column":14}},"loc":{"start":{"line":525,"column":21},"end":{"line":531,"column":1}},"line":525}},"branchMap":{"0":{"loc":{"start":{"line":52,"column":6},"end":{"line":57,"column":7}},"type":"if","locations":[{"start":{"line":52,"column":6},"end":{"line":57,"column":7}},{"start":{"line":52,"column":6},"end":{"line":57,"column":7}}],"line":52},"1":{"loc":{"start":{"line":55,"column":8},"end":{"line":55,"column":30}},"type":"if","locations":[{"start":{"line":55,"column":8},"end":{"line":55,"column":30}},{"start":{"line":55,"column":8},"end":{"line":55,"column":30}}],"line":55},"2":{"loc":{"start":{"line":56,"column":16},"end":{"line":56,"column":60}},"type":"cond-expr","locations":[{"start":{"line":56,"column":30},"end":{"line":56,"column":33}},{"start":{"line":56,"column":36},"end":{"line":56,"column":60}}],"line":56},"3":{"loc":{"start":{"line":56,"column":36},"end":{"line":56,"column":60}},"type":"cond-expr","locations":[{"start":{"line":56,"column":50},"end":{"line":56,"column":53}},{"start":{"line":56,"column":56},"end":{"line":56,"column":60}}],"line":56},"4":{"loc":{"start":{"line":60,"column":6},"end":{"line":118,"column":7}},"type":"switch","locations":[{"start":{"line":61,"column":8},"end":{"line":61,"column":17}},{"start":{"line":62,"column":8},"end":{"line":65,"column":16}},{"start":{"line":66,"column":8},"end":{"line":66,"column":17}},{"start":{"line":67,"column":8},"end":{"line":67,"column":17}},{"start":{"line":68,"column":8},"end":{"line":68,"column":17}},{"start":{"line":69,"column":8},"end":{"line":69,"column":17}},{"start":{"line":70,"column":8},"end":{"line":75,"column":16}},{"start":{"line":76,"column":8},"end":{"line":76,"column":17}},{"start":{"line":77,"column":8},"end":{"line":77,"column":17}},{"start":{"line":78,"column":8},"end":{"line":78,"column":17}},{"start":{"line":79,"column":8},"end":{"line":79,"column":17}},{"start":{"line":80,"column":8},"end":{"line":85,"column":16}},{"start":{"line":86,"column":8},"end":{"line":86,"column":17}},{"start":{"line":87,"column":8},"end":{"line":95,"column":16}},{"start":{"line":96,"column":8},"end":{"line":96,"column":17}},{"start":{"line":97,"column":8},"end":{"line":97,"column":17}},{"start":{"line":98,"column":8},"end":{"line":105,"column":16}},{"start":{"line":106,"column":8},"end":{"line":106,"column":17}},{"start":{"line":107,"column":8},"end":{"line":107,"column":17}},{"start":{"line":108,"column":8},"end":{"line":115,"column":16}},{"start":{"line":116,"column":8},"end":{"line":117,"column":14}}],"line":60},"5":{"loc":{"start":{"line":71,"column":18},"end":{"line":71,"column":57}},"type":"cond-expr","locations":[{"start":{"line":71,"column":33},"end":{"line":71,"column":37}},{"start":{"line":71,"column":40},"end":{"line":71,"column":57}}],"line":71},"6":{"loc":{"start":{"line":72,"column":18},"end":{"line":72,"column":57}},"type":"cond-expr","locations":[{"start":{"line":72,"column":33},"end":{"line":72,"column":37}},{"start":{"line":72,"column":40},"end":{"line":72,"column":57}}],"line":72},"7":{"loc":{"start":{"line":73,"column":17},"end":{"line":73,"column":44}},"type":"cond-expr","locations":[{"start":{"line":73,"column":32},"end":{"line":73,"column":37}},{"start":{"line":73,"column":40},"end":{"line":73,"column":44}}],"line":73},"8":{"loc":{"start":{"line":74,"column":17},"end":{"line":74,"column":44}},"type":"cond-expr","locations":[{"start":{"line":74,"column":32},"end":{"line":74,"column":37}},{"start":{"line":74,"column":40},"end":{"line":74,"column":44}}],"line":74},"9":{"loc":{"start":{"line":81,"column":18},"end":{"line":81,"column":64}},"type":"cond-expr","locations":[{"start":{"line":81,"column":33},"end":{"line":81,"column":37}},{"start":{"line":81,"column":40},"end":{"line":81,"column":64}}],"line":81},"10":{"loc":{"start":{"line":82,"column":18},"end":{"line":82,"column":64}},"type":"cond-expr","locations":[{"start":{"line":82,"column":33},"end":{"line":82,"column":37}},{"start":{"line":82,"column":40},"end":{"line":82,"column":64}}],"line":82},"11":{"loc":{"start":{"line":83,"column":17},"end":{"line":83,"column":44}},"type":"cond-expr","locations":[{"start":{"line":83,"column":32},"end":{"line":83,"column":37}},{"start":{"line":83,"column":40},"end":{"line":83,"column":44}}],"line":83},"12":{"loc":{"start":{"line":84,"column":17},"end":{"line":84,"column":44}},"type":"cond-expr","locations":[{"start":{"line":84,"column":32},"end":{"line":84,"column":37}},{"start":{"line":84,"column":40},"end":{"line":84,"column":44}}],"line":84},"13":{"loc":{"start":{"line":93,"column":18},"end":{"line":93,"column":77}},"type":"cond-expr","locations":[{"start":{"line":93,"column":33},"end":{"line":93,"column":50}},{"start":{"line":93,"column":53},"end":{"line":93,"column":77}}],"line":93},"14":{"loc":{"start":{"line":94,"column":18},"end":{"line":94,"column":77}},"type":"cond-expr","locations":[{"start":{"line":94,"column":33},"end":{"line":94,"column":50}},{"start":{"line":94,"column":53},"end":{"line":94,"column":77}}],"line":94},"15":{"loc":{"start":{"line":99,"column":19},"end":{"line":99,"column":63}},"type":"cond-expr","locations":[{"start":{"line":99,"column":34},"end":{"line":99,"column":43}},{"start":{"line":99,"column":46},"end":{"line":99,"column":63}}],"line":99},"16":{"loc":{"start":{"line":100,"column":19},"end":{"line":100,"column":63}},"type":"cond-expr","locations":[{"start":{"line":100,"column":34},"end":{"line":100,"column":43}},{"start":{"line":100,"column":46},"end":{"line":100,"column":63}}],"line":100},"17":{"loc":{"start":{"line":101,"column":19},"end":{"line":101,"column":63}},"type":"cond-expr","locations":[{"start":{"line":101,"column":34},"end":{"line":101,"column":43}},{"start":{"line":101,"column":46},"end":{"line":101,"column":63}}],"line":101},"18":{"loc":{"start":{"line":102,"column":19},"end":{"line":102,"column":63}},"type":"cond-expr","locations":[{"start":{"line":102,"column":34},"end":{"line":102,"column":43}},{"start":{"line":102,"column":46},"end":{"line":102,"column":63}}],"line":102},"19":{"loc":{"start":{"line":109,"column":19},"end":{"line":109,"column":70}},"type":"cond-expr","locations":[{"start":{"line":109,"column":34},"end":{"line":109,"column":43}},{"start":{"line":109,"column":46},"end":{"line":109,"column":70}}],"line":109},"20":{"loc":{"start":{"line":110,"column":19},"end":{"line":110,"column":70}},"type":"cond-expr","locations":[{"start":{"line":110,"column":34},"end":{"line":110,"column":43}},{"start":{"line":110,"column":46},"end":{"line":110,"column":70}}],"line":110},"21":{"loc":{"start":{"line":111,"column":19},"end":{"line":111,"column":70}},"type":"cond-expr","locations":[{"start":{"line":111,"column":34},"end":{"line":111,"column":43}},{"start":{"line":111,"column":46},"end":{"line":111,"column":70}}],"line":111},"22":{"loc":{"start":{"line":112,"column":19},"end":{"line":112,"column":70}},"type":"cond-expr","locations":[{"start":{"line":112,"column":34},"end":{"line":112,"column":43}},{"start":{"line":112,"column":46},"end":{"line":112,"column":70}}],"line":112},"23":{"loc":{"start":{"line":134,"column":6},"end":{"line":199,"column":7}},"type":"switch","locations":[{"start":{"line":135,"column":8},"end":{"line":135,"column":17}},{"start":{"line":136,"column":8},"end":{"line":138,"column":16}},{"start":{"line":139,"column":8},"end":{"line":139,"column":17}},{"start":{"line":140,"column":8},"end":{"line":142,"column":16}},{"start":{"line":143,"column":8},"end":{"line":146,"column":16}},{"start":{"line":147,"column":8},"end":{"line":150,"column":16}},{"start":{"line":151,"column":8},"end":{"line":151,"column":17}},{"start":{"line":152,"column":8},"end":{"line":155,"column":16}},{"start":{"line":156,"column":8},"end":{"line":156,"column":17}},{"start":{"line":157,"column":8},"end":{"line":160,"column":16}},{"start":{"line":161,"column":8},"end":{"line":161,"column":17}},{"start":{"line":162,"column":8},"end":{"line":178,"column":16}},{"start":{"line":179,"column":8},"end":{"line":179,"column":17}},{"start":{"line":180,"column":8},"end":{"line":183,"column":16}},{"start":{"line":184,"column":8},"end":{"line":184,"column":17}},{"start":{"line":185,"column":8},"end":{"line":188,"column":16}},{"start":{"line":189,"column":8},"end":{"line":189,"column":17}},{"start":{"line":190,"column":8},"end":{"line":193,"column":16}},{"start":{"line":194,"column":8},"end":{"line":194,"column":17}},{"start":{"line":195,"column":8},"end":{"line":198,"column":16}}],"line":134},"24":{"loc":{"start":{"line":144,"column":17},"end":{"line":144,"column":55}},"type":"cond-expr","locations":[{"start":{"line":144,"column":46},"end":{"line":144,"column":49}},{"start":{"line":144,"column":52},"end":{"line":144,"column":55}}],"line":144},"25":{"loc":{"start":{"line":144,"column":17},"end":{"line":144,"column":43}},"type":"binary-expr","locations":[{"start":{"line":144,"column":17},"end":{"line":144,"column":29}},{"start":{"line":144,"column":33},"end":{"line":144,"column":43}}],"line":144},"26":{"loc":{"start":{"line":148,"column":17},"end":{"line":148,"column":55}},"type":"cond-expr","locations":[{"start":{"line":148,"column":46},"end":{"line":148,"column":49}},{"start":{"line":148,"column":52},"end":{"line":148,"column":55}}],"line":148},"27":{"loc":{"start":{"line":148,"column":17},"end":{"line":148,"column":43}},"type":"binary-expr","locations":[{"start":{"line":148,"column":17},"end":{"line":148,"column":29}},{"start":{"line":148,"column":33},"end":{"line":148,"column":43}}],"line":148},"28":{"loc":{"start":{"line":153,"column":17},"end":{"line":153,"column":43}},"type":"cond-expr","locations":[{"start":{"line":153,"column":32},"end":{"line":153,"column":35}},{"start":{"line":153,"column":38},"end":{"line":153,"column":43}}],"line":153},"29":{"loc":{"start":{"line":158,"column":17},"end":{"line":158,"column":43}},"type":"cond-expr","locations":[{"start":{"line":158,"column":32},"end":{"line":158,"column":35}},{"start":{"line":158,"column":38},"end":{"line":158,"column":43}}],"line":158},"30":{"loc":{"start":{"line":163,"column":17},"end":{"line":163,"column":43}},"type":"cond-expr","locations":[{"start":{"line":163,"column":32},"end":{"line":163,"column":35}},{"start":{"line":163,"column":38},"end":{"line":163,"column":43}}],"line":163},"31":{"loc":{"start":{"line":181,"column":17},"end":{"line":181,"column":43}},"type":"cond-expr","locations":[{"start":{"line":181,"column":32},"end":{"line":181,"column":35}},{"start":{"line":181,"column":38},"end":{"line":181,"column":43}}],"line":181},"32":{"loc":{"start":{"line":186,"column":17},"end":{"line":186,"column":43}},"type":"cond-expr","locations":[{"start":{"line":186,"column":32},"end":{"line":186,"column":35}},{"start":{"line":186,"column":38},"end":{"line":186,"column":43}}],"line":186},"33":{"loc":{"start":{"line":191,"column":17},"end":{"line":191,"column":43}},"type":"cond-expr","locations":[{"start":{"line":191,"column":32},"end":{"line":191,"column":35}},{"start":{"line":191,"column":38},"end":{"line":191,"column":43}}],"line":191},"34":{"loc":{"start":{"line":196,"column":17},"end":{"line":196,"column":43}},"type":"cond-expr","locations":[{"start":{"line":196,"column":32},"end":{"line":196,"column":35}},{"start":{"line":196,"column":38},"end":{"line":196,"column":43}}],"line":196},"35":{"loc":{"start":{"line":221,"column":4},"end":{"line":221,"column":30}},"type":"if","locations":[{"start":{"line":221,"column":4},"end":{"line":221,"column":30}},{"start":{"line":221,"column":4},"end":{"line":221,"column":30}}],"line":221},"36":{"loc":{"start":{"line":222,"column":4},"end":{"line":222,"column":27}},"type":"if","locations":[{"start":{"line":222,"column":4},"end":{"line":222,"column":27}},{"start":{"line":222,"column":4},"end":{"line":222,"column":27}}],"line":222},"37":{"loc":{"start":{"line":230,"column":6},"end":{"line":237,"column":7}},"type":"if","locations":[{"start":{"line":230,"column":6},"end":{"line":237,"column":7}},{"start":{"line":230,"column":6},"end":{"line":237,"column":7}}],"line":230},"38":{"loc":{"start":{"line":230,"column":10},"end":{"line":230,"column":94}},"type":"binary-expr","locations":[{"start":{"line":230,"column":10},"end":{"line":230,"column":51}},{"start":{"line":230,"column":55},"end":{"line":230,"column":94}}],"line":230},"39":{"loc":{"start":{"line":231,"column":29},"end":{"line":231,"column":66}},"type":"cond-expr","locations":[{"start":{"line":231,"column":57},"end":{"line":231,"column":60}},{"start":{"line":231,"column":63},"end":{"line":231,"column":66}}],"line":231},"40":{"loc":{"start":{"line":232,"column":13},"end":{"line":237,"column":7}},"type":"if","locations":[{"start":{"line":232,"column":13},"end":{"line":237,"column":7}},{"start":{"line":232,"column":13},"end":{"line":237,"column":7}}],"line":232},"41":{"loc":{"start":{"line":233,"column":8},"end":{"line":234,"column":47}},"type":"binary-expr","locations":[{"start":{"line":233,"column":8},"end":{"line":233,"column":49}},{"start":{"line":234,"column":8},"end":{"line":234,"column":47}}],"line":233},"42":{"loc":{"start":{"line":236,"column":29},"end":{"line":236,"column":66}},"type":"cond-expr","locations":[{"start":{"line":236,"column":57},"end":{"line":236,"column":60}},{"start":{"line":236,"column":63},"end":{"line":236,"column":66}}],"line":236},"43":{"loc":{"start":{"line":245,"column":6},"end":{"line":249,"column":7}},"type":"if","locations":[{"start":{"line":245,"column":6},"end":{"line":249,"column":7}},{"start":{"line":245,"column":6},"end":{"line":249,"column":7}}],"line":245},"44":{"loc":{"start":{"line":245,"column":10},"end":{"line":245,"column":96}},"type":"binary-expr","locations":[{"start":{"line":245,"column":10},"end":{"line":245,"column":49}},{"start":{"line":245,"column":53},"end":{"line":245,"column":96}}],"line":245},"45":{"loc":{"start":{"line":247,"column":34},"end":{"line":247,"column":69}},"type":"cond-expr","locations":[{"start":{"line":247,"column":43},"end":{"line":247,"column":44}},{"start":{"line":247,"column":47},"end":{"line":247,"column":69}}],"line":247},"46":{"loc":{"start":{"line":248,"column":34},"end":{"line":248,"column":69}},"type":"cond-expr","locations":[{"start":{"line":248,"column":43},"end":{"line":248,"column":44}},{"start":{"line":248,"column":47},"end":{"line":248,"column":69}}],"line":248},"47":{"loc":{"start":{"line":251,"column":6},"end":{"line":253,"column":7}},"type":"if","locations":[{"start":{"line":251,"column":6},"end":{"line":253,"column":7}},{"start":{"line":251,"column":6},"end":{"line":253,"column":7}}],"line":251},"48":{"loc":{"start":{"line":251,"column":10},"end":{"line":251,"column":96}},"type":"binary-expr","locations":[{"start":{"line":251,"column":10},"end":{"line":251,"column":49}},{"start":{"line":251,"column":53},"end":{"line":251,"column":96}}],"line":251},"49":{"loc":{"start":{"line":255,"column":6},"end":{"line":267,"column":7}},"type":"if","locations":[{"start":{"line":255,"column":6},"end":{"line":267,"column":7}},{"start":{"line":255,"column":6},"end":{"line":267,"column":7}}],"line":255},"50":{"loc":{"start":{"line":256,"column":8},"end":{"line":258,"column":47}},"type":"binary-expr","locations":[{"start":{"line":256,"column":8},"end":{"line":256,"column":47}},{"start":{"line":257,"column":8},"end":{"line":257,"column":47}},{"start":{"line":258,"column":8},"end":{"line":258,"column":47}}],"line":256},"51":{"loc":{"start":{"line":261,"column":8},"end":{"line":263,"column":9}},"type":"if","locations":[{"start":{"line":261,"column":8},"end":{"line":263,"column":9}},{"start":{"line":261,"column":8},"end":{"line":263,"column":9}}],"line":261},"52":{"loc":{"start":{"line":271,"column":4},"end":{"line":273,"column":5}},"type":"if","locations":[{"start":{"line":271,"column":4},"end":{"line":273,"column":5}},{"start":{"line":271,"column":4},"end":{"line":273,"column":5}}],"line":271},"53":{"loc":{"start":{"line":272,"column":27},"end":{"line":272,"column":76}},"type":"cond-expr","locations":[{"start":{"line":272,"column":67},"end":{"line":272,"column":70}},{"start":{"line":272,"column":73},"end":{"line":272,"column":76}}],"line":272},"54":{"loc":{"start":{"line":276,"column":4},"end":{"line":278,"column":5}},"type":"if","locations":[{"start":{"line":276,"column":4},"end":{"line":278,"column":5}},{"start":{"line":276,"column":4},"end":{"line":278,"column":5}}],"line":276},"55":{"loc":{"start":{"line":283,"column":6},"end":{"line":283,"column":67}},"type":"if","locations":[{"start":{"line":283,"column":6},"end":{"line":283,"column":67}},{"start":{"line":283,"column":6},"end":{"line":283,"column":67}}],"line":283},"56":{"loc":{"start":{"line":286,"column":4},"end":{"line":286,"column":26}},"type":"if","locations":[{"start":{"line":286,"column":4},"end":{"line":286,"column":26}},{"start":{"line":286,"column":4},"end":{"line":286,"column":26}}],"line":286},"57":{"loc":{"start":{"line":290,"column":6},"end":{"line":290,"column":60}},"type":"if","locations":[{"start":{"line":290,"column":6},"end":{"line":290,"column":60}},{"start":{"line":290,"column":6},"end":{"line":290,"column":60}}],"line":290},"58":{"loc":{"start":{"line":294,"column":6},"end":{"line":296,"column":7}},"type":"if","locations":[{"start":{"line":294,"column":6},"end":{"line":296,"column":7}},{"start":{"line":294,"column":6},"end":{"line":296,"column":7}}],"line":294},"59":{"loc":{"start":{"line":316,"column":4},"end":{"line":316,"column":24}},"type":"if","locations":[{"start":{"line":316,"column":4},"end":{"line":316,"column":24}},{"start":{"line":316,"column":4},"end":{"line":316,"column":24}}],"line":316},"60":{"loc":{"start":{"line":317,"column":4},"end":{"line":317,"column":22}},"type":"if","locations":[{"start":{"line":317,"column":4},"end":{"line":317,"column":22}},{"start":{"line":317,"column":4},"end":{"line":317,"column":22}}],"line":317},"61":{"loc":{"start":{"line":328,"column":28},"end":{"line":328,"column":99}},"type":"cond-expr","locations":[{"start":{"line":328,"column":63},"end":{"line":328,"column":72}},{"start":{"line":328,"column":75},"end":{"line":328,"column":99}}],"line":328},"62":{"loc":{"start":{"line":329,"column":28},"end":{"line":329,"column":99}},"type":"cond-expr","locations":[{"start":{"line":329,"column":63},"end":{"line":329,"column":72}},{"start":{"line":329,"column":75},"end":{"line":329,"column":99}}],"line":329},"63":{"loc":{"start":{"line":330,"column":28},"end":{"line":330,"column":99}},"type":"cond-expr","locations":[{"start":{"line":330,"column":63},"end":{"line":330,"column":72}},{"start":{"line":330,"column":75},"end":{"line":330,"column":99}}],"line":330},"64":{"loc":{"start":{"line":331,"column":28},"end":{"line":331,"column":99}},"type":"cond-expr","locations":[{"start":{"line":331,"column":63},"end":{"line":331,"column":72}},{"start":{"line":331,"column":75},"end":{"line":331,"column":99}}],"line":331},"65":{"loc":{"start":{"line":342,"column":6},"end":{"line":351,"column":7}},"type":"if","locations":[{"start":{"line":342,"column":6},"end":{"line":351,"column":7}},{"start":{"line":342,"column":6},"end":{"line":351,"column":7}}],"line":342},"66":{"loc":{"start":{"line":346,"column":10},"end":{"line":346,"column":86}},"type":"cond-expr","locations":[{"start":{"line":346,"column":45},"end":{"line":346,"column":54}},{"start":{"line":346,"column":57},"end":{"line":346,"column":86}}],"line":346},"67":{"loc":{"start":{"line":348,"column":10},"end":{"line":348,"column":86}},"type":"cond-expr","locations":[{"start":{"line":348,"column":45},"end":{"line":348,"column":54}},{"start":{"line":348,"column":57},"end":{"line":348,"column":86}}],"line":348},"68":{"loc":{"start":{"line":350,"column":10},"end":{"line":350,"column":86}},"type":"cond-expr","locations":[{"start":{"line":350,"column":45},"end":{"line":350,"column":54}},{"start":{"line":350,"column":57},"end":{"line":350,"column":86}}],"line":350},"69":{"loc":{"start":{"line":352,"column":6},"end":{"line":361,"column":7}},"type":"if","locations":[{"start":{"line":352,"column":6},"end":{"line":361,"column":7}},{"start":{"line":352,"column":6},"end":{"line":361,"column":7}}],"line":352},"70":{"loc":{"start":{"line":356,"column":10},"end":{"line":356,"column":86}},"type":"cond-expr","locations":[{"start":{"line":356,"column":45},"end":{"line":356,"column":54}},{"start":{"line":356,"column":57},"end":{"line":356,"column":86}}],"line":356},"71":{"loc":{"start":{"line":358,"column":10},"end":{"line":358,"column":86}},"type":"cond-expr","locations":[{"start":{"line":358,"column":45},"end":{"line":358,"column":54}},{"start":{"line":358,"column":57},"end":{"line":358,"column":86}}],"line":358},"72":{"loc":{"start":{"line":360,"column":10},"end":{"line":360,"column":86}},"type":"cond-expr","locations":[{"start":{"line":360,"column":45},"end":{"line":360,"column":54}},{"start":{"line":360,"column":57},"end":{"line":360,"column":86}}],"line":360},"73":{"loc":{"start":{"line":373,"column":13},"end":{"line":373,"column":66}},"type":"cond-expr","locations":[{"start":{"line":373,"column":41},"end":{"line":373,"column":59}},{"start":{"line":373,"column":62},"end":{"line":373,"column":66}}],"line":373},"74":{"loc":{"start":{"line":374,"column":13},"end":{"line":374,"column":66}},"type":"cond-expr","locations":[{"start":{"line":374,"column":41},"end":{"line":374,"column":59}},{"start":{"line":374,"column":62},"end":{"line":374,"column":66}}],"line":374},"75":{"loc":{"start":{"line":375,"column":13},"end":{"line":375,"column":66}},"type":"cond-expr","locations":[{"start":{"line":375,"column":41},"end":{"line":375,"column":59}},{"start":{"line":375,"column":62},"end":{"line":375,"column":66}}],"line":375},"76":{"loc":{"start":{"line":376,"column":13},"end":{"line":376,"column":66}},"type":"cond-expr","locations":[{"start":{"line":376,"column":41},"end":{"line":376,"column":59}},{"start":{"line":376,"column":62},"end":{"line":376,"column":66}}],"line":376},"77":{"loc":{"start":{"line":390,"column":13},"end":{"line":390,"column":66}},"type":"cond-expr","locations":[{"start":{"line":390,"column":41},"end":{"line":390,"column":59}},{"start":{"line":390,"column":62},"end":{"line":390,"column":66}}],"line":390},"78":{"loc":{"start":{"line":391,"column":13},"end":{"line":391,"column":66}},"type":"cond-expr","locations":[{"start":{"line":391,"column":41},"end":{"line":391,"column":59}},{"start":{"line":391,"column":62},"end":{"line":391,"column":66}}],"line":391},"79":{"loc":{"start":{"line":392,"column":13},"end":{"line":392,"column":66}},"type":"cond-expr","locations":[{"start":{"line":392,"column":41},"end":{"line":392,"column":59}},{"start":{"line":392,"column":62},"end":{"line":392,"column":66}}],"line":392},"80":{"loc":{"start":{"line":393,"column":13},"end":{"line":393,"column":66}},"type":"cond-expr","locations":[{"start":{"line":393,"column":41},"end":{"line":393,"column":59}},{"start":{"line":393,"column":62},"end":{"line":393,"column":66}}],"line":393},"81":{"loc":{"start":{"line":403,"column":4},"end":{"line":403,"column":29}},"type":"if","locations":[{"start":{"line":403,"column":4},"end":{"line":403,"column":29}},{"start":{"line":403,"column":4},"end":{"line":403,"column":29}}],"line":403},"82":{"loc":{"start":{"line":404,"column":4},"end":{"line":404,"column":27}},"type":"if","locations":[{"start":{"line":404,"column":4},"end":{"line":404,"column":27}},{"start":{"line":404,"column":4},"end":{"line":404,"column":27}}],"line":404},"83":{"loc":{"start":{"line":411,"column":15},"end":{"line":411,"column":63}},"type":"cond-expr","locations":[{"start":{"line":411,"column":37},"end":{"line":411,"column":46}},{"start":{"line":411,"column":49},"end":{"line":411,"column":63}}],"line":411},"84":{"loc":{"start":{"line":412,"column":15},"end":{"line":412,"column":63}},"type":"cond-expr","locations":[{"start":{"line":412,"column":37},"end":{"line":412,"column":46}},{"start":{"line":412,"column":49},"end":{"line":412,"column":63}}],"line":412},"85":{"loc":{"start":{"line":413,"column":15},"end":{"line":413,"column":63}},"type":"cond-expr","locations":[{"start":{"line":413,"column":37},"end":{"line":413,"column":46}},{"start":{"line":413,"column":49},"end":{"line":413,"column":63}}],"line":413},"86":{"loc":{"start":{"line":414,"column":15},"end":{"line":414,"column":63}},"type":"cond-expr","locations":[{"start":{"line":414,"column":37},"end":{"line":414,"column":46}},{"start":{"line":414,"column":49},"end":{"line":414,"column":63}}],"line":414},"87":{"loc":{"start":{"line":415,"column":15},"end":{"line":415,"column":63}},"type":"cond-expr","locations":[{"start":{"line":415,"column":37},"end":{"line":415,"column":46}},{"start":{"line":415,"column":49},"end":{"line":415,"column":63}}],"line":415},"88":{"loc":{"start":{"line":416,"column":15},"end":{"line":416,"column":63}},"type":"cond-expr","locations":[{"start":{"line":416,"column":37},"end":{"line":416,"column":46}},{"start":{"line":416,"column":49},"end":{"line":416,"column":63}}],"line":416},"89":{"loc":{"start":{"line":432,"column":6},"end":{"line":436,"column":7}},"type":"if","locations":[{"start":{"line":432,"column":6},"end":{"line":436,"column":7}},{"start":{"line":432,"column":6},"end":{"line":436,"column":7}}],"line":432},"90":{"loc":{"start":{"line":437,"column":6},"end":{"line":441,"column":7}},"type":"if","locations":[{"start":{"line":437,"column":6},"end":{"line":441,"column":7}},{"start":{"line":437,"column":6},"end":{"line":441,"column":7}}],"line":437},"91":{"loc":{"start":{"line":442,"column":6},"end":{"line":444,"column":7}},"type":"if","locations":[{"start":{"line":442,"column":6},"end":{"line":444,"column":7}},{"start":{"line":442,"column":6},"end":{"line":444,"column":7}}],"line":442},"92":{"loc":{"start":{"line":442,"column":10},"end":{"line":442,"column":64}},"type":"binary-expr","locations":[{"start":{"line":442,"column":10},"end":{"line":442,"column":35}},{"start":{"line":442,"column":39},"end":{"line":442,"column":64}}],"line":442},"93":{"loc":{"start":{"line":445,"column":6},"end":{"line":447,"column":7}},"type":"if","locations":[{"start":{"line":445,"column":6},"end":{"line":447,"column":7}},{"start":{"line":445,"column":6},"end":{"line":447,"column":7}}],"line":445},"94":{"loc":{"start":{"line":445,"column":10},"end":{"line":445,"column":64}},"type":"binary-expr","locations":[{"start":{"line":445,"column":10},"end":{"line":445,"column":35}},{"start":{"line":445,"column":39},"end":{"line":445,"column":64}}],"line":445},"95":{"loc":{"start":{"line":456,"column":12},"end":{"line":456,"column":83}},"type":"cond-expr","locations":[{"start":{"line":456,"column":37},"end":{"line":456,"column":55}},{"start":{"line":456,"column":58},"end":{"line":456,"column":83}}],"line":456},"96":{"loc":{"start":{"line":457,"column":12},"end":{"line":457,"column":83}},"type":"cond-expr","locations":[{"start":{"line":457,"column":37},"end":{"line":457,"column":55}},{"start":{"line":457,"column":58},"end":{"line":457,"column":83}}],"line":457},"97":{"loc":{"start":{"line":461,"column":6},"end":{"line":461,"column":111}},"type":"cond-expr","locations":[{"start":{"line":461,"column":26},"end":{"line":461,"column":35}},{"start":{"line":461,"column":38},"end":{"line":461,"column":111}}],"line":461},"98":{"loc":{"start":{"line":461,"column":38},"end":{"line":461,"column":111}},"type":"cond-expr","locations":[{"start":{"line":461,"column":63},"end":{"line":461,"column":82}},{"start":{"line":461,"column":85},"end":{"line":461,"column":111}}],"line":461},"99":{"loc":{"start":{"line":463,"column":6},"end":{"line":463,"column":111}},"type":"cond-expr","locations":[{"start":{"line":463,"column":26},"end":{"line":463,"column":35}},{"start":{"line":463,"column":38},"end":{"line":463,"column":111}}],"line":463},"100":{"loc":{"start":{"line":463,"column":38},"end":{"line":463,"column":111}},"type":"cond-expr","locations":[{"start":{"line":463,"column":63},"end":{"line":463,"column":82}},{"start":{"line":463,"column":85},"end":{"line":463,"column":111}}],"line":463},"101":{"loc":{"start":{"line":465,"column":6},"end":{"line":465,"column":111}},"type":"cond-expr","locations":[{"start":{"line":465,"column":26},"end":{"line":465,"column":35}},{"start":{"line":465,"column":38},"end":{"line":465,"column":111}}],"line":465},"102":{"loc":{"start":{"line":465,"column":38},"end":{"line":465,"column":111}},"type":"cond-expr","locations":[{"start":{"line":465,"column":63},"end":{"line":465,"column":82}},{"start":{"line":465,"column":85},"end":{"line":465,"column":111}}],"line":465},"103":{"loc":{"start":{"line":467,"column":6},"end":{"line":467,"column":111}},"type":"cond-expr","locations":[{"start":{"line":467,"column":26},"end":{"line":467,"column":35}},{"start":{"line":467,"column":38},"end":{"line":467,"column":111}}],"line":467},"104":{"loc":{"start":{"line":467,"column":38},"end":{"line":467,"column":111}},"type":"cond-expr","locations":[{"start":{"line":467,"column":63},"end":{"line":467,"column":82}},{"start":{"line":467,"column":85},"end":{"line":467,"column":111}}],"line":467},"105":{"loc":{"start":{"line":468,"column":13},"end":{"line":468,"column":64}},"type":"cond-expr","locations":[{"start":{"line":468,"column":33},"end":{"line":468,"column":42}},{"start":{"line":468,"column":45},"end":{"line":468,"column":64}}],"line":468},"106":{"loc":{"start":{"line":469,"column":13},"end":{"line":469,"column":64}},"type":"cond-expr","locations":[{"start":{"line":469,"column":33},"end":{"line":469,"column":42}},{"start":{"line":469,"column":45},"end":{"line":469,"column":64}}],"line":469},"107":{"loc":{"start":{"line":470,"column":13},"end":{"line":470,"column":64}},"type":"cond-expr","locations":[{"start":{"line":470,"column":33},"end":{"line":470,"column":42}},{"start":{"line":470,"column":45},"end":{"line":470,"column":64}}],"line":470},"108":{"loc":{"start":{"line":474,"column":4},"end":{"line":476,"column":5}},"type":"if","locations":[{"start":{"line":474,"column":4},"end":{"line":476,"column":5}},{"start":{"line":474,"column":4},"end":{"line":476,"column":5}}],"line":474},"109":{"loc":{"start":{"line":477,"column":4},"end":{"line":479,"column":5}},"type":"if","locations":[{"start":{"line":477,"column":4},"end":{"line":479,"column":5}},{"start":{"line":477,"column":4},"end":{"line":479,"column":5}}],"line":477},"110":{"loc":{"start":{"line":483,"column":4},"end":{"line":483,"column":33}},"type":"if","locations":[{"start":{"line":483,"column":4},"end":{"line":483,"column":33}},{"start":{"line":483,"column":4},"end":{"line":483,"column":33}}],"line":483},"111":{"loc":{"start":{"line":484,"column":4},"end":{"line":491,"column":5}},"type":"if","locations":[{"start":{"line":484,"column":4},"end":{"line":491,"column":5}},{"start":{"line":484,"column":4},"end":{"line":491,"column":5}}],"line":484},"112":{"loc":{"start":{"line":486,"column":11},"end":{"line":491,"column":5}},"type":"if","locations":[{"start":{"line":486,"column":11},"end":{"line":491,"column":5}},{"start":{"line":486,"column":11},"end":{"line":491,"column":5}}],"line":486},"113":{"loc":{"start":{"line":527,"column":2},"end":{"line":529,"column":3}},"type":"if","locations":[{"start":{"line":527,"column":2},"end":{"line":529,"column":3}},{"start":{"line":527,"column":2},"end":{"line":529,"column":3}}],"line":527}},"s":{"0":0,"1":0,"2":0,"3":0,"4":0,"5":0,"6":0,"7":0,"8":0,"9":0,"10":0,"11":0,"12":0,"13":0,"14":0,"15":0,"16":0,"17":0,"18":0,"19":0,"20":0,"21":0,"22":0,"23":0,"24":0,"25":0,"26":0,"27":0,"28":0,"29":0,"30":0,"31":0,"32":0,"33":0,"34":0,"35":0,"36":0,"37":0,"38":0,"39":0,"40":0,"41":0,"42":0,"43":0,"44":0,"45":0,"46":0,"47":0,"48":0,"49":0,"50":0,"51":0,"52":0,"53":0,"54":0,"55":0,"56":0,"57":0,"58":0,"59":0,"60":0,"61":0,"62":0,"63":0,"64":0,"65":0,"66":0,"67":0,"68":0,"69":0,"70":0,"71":0,"72":0,"73":0,"74":0,"75":0,"76":0,"77":0,"78":0,"79":0,"80":0,"81":0,"82":0,"83":0,"84":0,"85":0,"86":0,"87":0,"88":0,"89":0,"90":0,"91":0,"92":0,"93":0,"94":0,"95":0,"96":0,"97":0,"98":0,"99":0,"100":0,"101":0,"102":0,"103":0,"104":0,"105":0,"106":0,"107":0,"108":0,"109":0,"110":0,"111":0,"112":0,"113":0,"114":0,"115":0,"116":0,"117":0,"118":0,"119":0,"120":0,"121":0,"122":0,"123":0,"124":0,"125":0,"126":0,"127":0,"128":0,"129":0,"130":0,"131":0,"132":0,"133":0,"134":0,"135":0,"136":0,"137":0,"138":0,"139":0,"140":0,"141":0,"142":0,"143":0,"144":0,"145":0,"146":0,"147":0,"148":0,"149":0,"150":0,"151":0,"152":0,"153":0,"154":0,"155":0,"156":0,"157":0,"158":0,"159":0,"160":0,"161":0,"162":0,"163":0,"164":0,"165":0,"166":0,"167":0,"168":0,"169":0,"170":0,"171":0,"172":0,"173":0,"174":0,"175":0,"176":0,"177":0,"178":0,"179":0,"180":0,"181":0,"182":0,"183":0,"184":0,"185":0,"186":0,"187":0,"188":0,"189":0,"190":0,"191":0,"192":0,"193":0,"194":0,"195":0,"196":0,"197":0,"198":0,"199":0,"200":0,"201":0,"202":0,"203":0,"204":0,"205":0,"206":0,"207":0,"208":0,"209":0,"210":0,"211":0,"212":0,"213":0,"214":0,"215":0,"216":0,"217":0,"218":0,"219":0,"220":0,"221":0,"222":0,"223":0,"224":0,"225":0,"226":0,"227":0,"228":0,"229":0,"230":0,"231":0,"232":0,"233":0,"234":0,"235":0,"236":0,"237":0,"238":0,"239":0,"240":0,"241":0,"242":0,"243":0,"244":0,"245":0,"246":0,"247":0,"248":0,"249":0,"250":0,"251":0,"252":0,"253":0,"254":0,"255":0,"256":0,"257":0,"258":0,"259":0,"260":0,"261":0,"262":0,"263":0,"264":0,"265":0,"266":0,"267":0,"268":0,"269":0,"270":0,"271":0,"272":0,"273":0,"274":0,"275":0,"276":0,"277":0,"278":0,"279":0,"280":0,"281":0,"282":0,"283":0,"284":0,"285":0,"286":0,"287":0,"288":0,"289":0,"290":0,"291":0,"292":0,"293":0,"294":0,"295":0,"296":0,"297":0,"298":0,"299":0,"300":0,"301":0,"302":0,"303":0,"304":0,"305":0,"306":0,"307":0,"308":0,"309":0,"310":0,"311":0,"312":0,"313":0,"314":0,"315":0,"316":0,"317":0,"318":0,"319":0,"320":0,"321":0,"322":0,"323":0,"324":0,"325":0,"326":0,"327":0,"328":0,"329":0,"330":0,"331":0,"332":0,"333":0,"334":0,"335":0,"336":0},"f":{"0":0,"1":0,"2":0,"3":0,"4":0,"5":0,"6":0,"7":0,"8":0,"9":0,"10":0,"11":0,"12":0,"13":0,"14":0,"15":0,"16":0,"17":0,"18":0},"b":{"0":[0,0],"1":[0,0],"2":[0,0],"3":[0,0],"4":[0,0,0,0,0,0,0,0,0,0,0,0,0,0,0,0,0,0,0,0,0],"5":[0,0],"6":[0,0],"7":[0,0],"8":[0,0],"9":[0,0],"10":[0,0],"11":[0,0],"12":[0,0],"13":[0,0],"14":[0,0],"15":[0,0],"16":[0,0],"17":[0,0],"18":[0,0],"19":[0,0],"20":[0,0],"21":[0,0],"22":[0,0],"23":[0,0,0,0,0,0,0,0,0,0,0,0,0,0,0,0,0,0,0,0],"24":[0,0],"25":[0,0],"26":[0,0],"27":[0,0],"28":[0,0],"29":[0,0],"30":[0,0],"31":[0,0],"32":[0,0],"33":[0,0],"34":[0,0],"35":[0,0],"36":[0,0],"37":[0,0],"38":[0,0],"39":[0,0],"40":[0,0],"41":[0,0],"42":[0,0],"43":[0,0],"44":[0,0],"45":[0,0],"46":[0,0],"47":[0,0],"48":[0,0],"49":[0,0],"50":[0,0,0],"51":[0,0],"52":[0,0],"53":[0,0],"54":[0,0],"55":[0,0],"56":[0,0],"57":[0,0],"58":[0,0],"59":[0,0],"60":[0,0],"61":[0,0],"62":[0,0],"63":[0,0],"64":[0,0],"65":[0,0],"66":[0,0],"67":[0,0],"68":[0,0],"69":[0,0],"70":[0,0],"71":[0,0],"72":[0,0],"73":[0,0],"74":[0,0],"75":[0,0],"76":[0,0],"77":[0,0],"78":[0,0],"79":[0,0],"80":[0,0],"81":[0,0],"82":[0,0],"83":[0,0],"84":[0,0],"85":[0,0],"86":[0,0],"87":[0,0],"88":[0,0],"89":[0,0],"90":[0,0],"91":[0,0],"92":[0,0],"93":[0,0],"94":[0,0],"95":[0,0],"96":[0,0],"97":[0,0],"98":[0,0],"99":[0,0],"100":[0,0],"101":[0,0],"102":[0,0],"103":[0,0],"104":[0,0],"105":[0,0],"106":[0,0],"107":[0,0],"108":[0,0],"109":[0,0],"110":[0,0],"111":[0,0],"112":[0,0],"113":[0,0]},"inputSourceMap":null}
,"/Users/dylanwootton/Documents/Figma Plugin/Vega-fi/src/code.js": {"path":"/Users/dylanwootton/Documents/Figma Plugin/Vega-fi/src/code.js","statementMap":{"0":{"start":{"line":10,"column":0},"end":{"line":10,"column":23}},"1":{"start":{"line":14,"column":0},"end":{"line":109,"column":2}},"2":{"start":{"line":18,"column":4},"end":{"line":18,"column":25}},"3":{"start":{"line":19,"column":4},"end":{"line":28,"column":5}},"4":{"start":{"line":20,"column":22},"end":{"line":20,"column":24}},"5":{"start":{"line":21,"column":8},"end":{"line":21,"column":25}},"6":{"start":{"line":22,"column":21},"end":{"line":22,"column":56}},"7":{"start":{"line":23,"column":8},"end":{"line":23,"column":32}},"8":{"start":{"line":24,"column":8},"end":{"line":24,"column":44}},"9":{"start":{"line":25,"column":8},"end":{"line":25,"column":25}},"10":{"start":{"line":26,"column":8},"end":{"line":26,"column":44}},"11":{"start":{"line":27,"column":8},"end":{"line":27,"column":52}},"12":{"start":{"line":29,"column":4},"end":{"line":105,"column":5}},"13":{"start":{"line":32,"column":29},"end":{"line":32,"column":73}},"14":{"start":{"line":33,"column":8},"end":{"line":33,"column":34}},"15":{"start":{"line":34,"column":8},"end":{"line":104,"column":9}},"16":{"start":{"line":35,"column":12},"end":{"line":37,"column":13}},"17":{"start":{"line":36,"column":16},"end":{"line":36,"column":25}},"18":{"start":{"line":38,"column":28},"end":{"line":38,"column":37}},"19":{"start":{"line":39,"column":24},"end":{"line":39,"column":40}},"20":{"start":{"line":40,"column":12},"end":{"line":40,"column":89}},"21":{"start":{"line":41,"column":22},"end":{"line":41,"column":31}},"22":{"start":{"line":42,"column":22},"end":{"line":42,"column":31}},"23":{"start":{"line":43,"column":26},"end":{"line":43,"column":39}},"24":{"start":{"line":44,"column":27},"end":{"line":44,"column":41}},"25":{"start":{"line":45,"column":12},"end":{"line":45,"column":57}},"26":{"start":{"line":46,"column":26},"end":{"line":49,"column":14}},"27":{"start":{"line":47,"column":16},"end":{"line":47,"column":54}},"28":{"start":{"line":48,"column":16},"end":{"line":48,"column":35}},"29":{"start":{"line":51,"column":12},"end":{"line":51,"column":31}},"30":{"start":{"line":52,"column":29},"end":{"line":59,"column":14}},"31":{"start":{"line":53,"column":32},"end":{"line":53,"column":45}},"32":{"start":{"line":54,"column":34},"end":{"line":54,"column":90}},"33":{"start":{"line":55,"column":16},"end":{"line":55,"column":51}},"34":{"start":{"line":56,"column":16},"end":{"line":56,"column":48}},"35":{"start":{"line":57,"column":16},"end":{"line":57,"column":49}},"36":{"start":{"line":58,"column":16},"end":{"line":58,"column":31}},"37":{"start":{"line":60,"column":32},"end":{"line":72,"column":14}},"38":{"start":{"line":61,"column":70},"end":{"line":61,"column":101}},"39":{"start":{"line":62,"column":16},"end":{"line":62,"column":83}},"40":{"start":{"line":63,"column":37},"end":{"line":63,"column":66}},"41":{"start":{"line":64,"column":16},"end":{"line":64,"column":42}},"42":{"start":{"line":66,"column":16},"end":{"line":66,"column":54}},"43":{"start":{"line":67,"column":16},"end":{"line":67,"column":43}},"44":{"start":{"line":68,"column":16},"end":{"line":68,"column":43}},"45":{"start":{"line":69,"column":16},"end":{"line":69,"column":43}},"46":{"start":{"line":70,"column":16},"end":{"line":70,"column":43}},"47":{"start":{"line":71,"column":16},"end":{"line":71,"column":46}},"48":{"start":{"line":73,"column":33},"end":{"line":73,"column":56}},"49":{"start":{"line":74,"column":23},"end":{"line":74,"column":25}},"50":{"start":{"line":75,"column":23},"end":{"line":75,"column":24}},"51":{"start":{"line":77,"column":12},"end":{"line":77,"column":68}},"52":{"start":{"line":78,"column":12},"end":{"line":78,"column":63}},"53":{"start":{"line":79,"column":23},"end":{"line":79,"column":47}},"54":{"start":{"line":80,"column":23},"end":{"line":80,"column":48}},"55":{"start":{"line":81,"column":32},"end":{"line":81,"column":59}},"56":{"start":{"line":83,"column":25},"end":{"line":102,"column":14}},"57":{"start":{"line":84,"column":16},"end":{"line":101,"column":12}},"58":{"start":{"line":103,"column":12},"end":{"line":103,"column":88}},"59":{"start":{"line":111,"column":4},"end":{"line":111,"column":33}},"60":{"start":{"line":114,"column":19},"end":{"line":114,"column":33}},"61":{"start":{"line":115,"column":19},"end":{"line":115,"column":36}},"62":{"start":{"line":116,"column":19},"end":{"line":116,"column":33}},"63":{"start":{"line":117,"column":19},"end":{"line":117,"column":36}},"64":{"start":{"line":118,"column":20},"end":{"line":118,"column":39}},"65":{"start":{"line":119,"column":4},"end":{"line":127,"column":5}},"66":{"start":{"line":119,"column":17},"end":{"line":119,"column":18}},"67":{"start":{"line":120,"column":8},"end":{"line":120,"column":43}},"68":{"start":{"line":121,"column":8},"end":{"line":126,"column":9}},"69":{"start":{"line":121,"column":21},"end":{"line":121,"column":22}},"70":{"start":{"line":122,"column":12},"end":{"line":122,"column":32}},"71":{"start":{"line":123,"column":12},"end":{"line":125,"column":13}},"72":{"start":{"line":123,"column":25},"end":{"line":123,"column":26}},"73":{"start":{"line":124,"column":16},"end":{"line":124,"column":65}},"74":{"start":{"line":128,"column":4},"end":{"line":128,"column":21}},"75":{"start":{"line":131,"column":4},"end":{"line":134,"column":6}},"76":{"start":{"line":138,"column":4},"end":{"line":141,"column":6}},"77":{"start":{"line":145,"column":4},"end":{"line":148,"column":6}},"78":{"start":{"line":151,"column":36},"end":{"line":151,"column":42}},"79":{"start":{"line":152,"column":36},"end":{"line":152,"column":42}},"80":{"start":{"line":153,"column":12},"end":{"line":153,"column":26}},"81":{"start":{"line":154,"column":12},"end":{"line":154,"column":26}},"82":{"start":{"line":155,"column":22},"end":{"line":155,"column":36}},"83":{"start":{"line":156,"column":22},"end":{"line":156,"column":51}},"84":{"start":{"line":157,"column":21},"end":{"line":157,"column":78}},"85":{"start":{"line":158,"column":21},"end":{"line":158,"column":78}},"86":{"start":{"line":159,"column":28},"end":{"line":159,"column":149}},"87":{"start":{"line":160,"column":4},"end":{"line":160,"column":56}},"88":{"start":{"line":161,"column":4},"end":{"line":161,"column":47}},"89":{"start":{"line":162,"column":4},"end":{"line":162,"column":56}},"90":{"start":{"line":163,"column":4},"end":{"line":163,"column":40}},"91":{"start":{"line":164,"column":4},"end":{"line":164,"column":40}},"92":{"start":{"line":165,"column":4},"end":{"line":165,"column":64}},"93":{"start":{"line":172,"column":17},"end":{"line":172,"column":37}},"94":{"start":{"line":173,"column":4},"end":{"line":173,"column":56}},"95":{"start":{"line":178,"column":4},"end":{"line":178,"column":56}},"96":{"start":{"line":180,"column":4},"end":{"line":180,"column":56}},"97":{"start":{"line":181,"column":20},"end":{"line":181,"column":70}},"98":{"start":{"line":183,"column":12},"end":{"line":183,"column":27}},"99":{"start":{"line":184,"column":12},"end":{"line":184,"column":27}},"100":{"start":{"line":185,"column":4},"end":{"line":185,"column":24}},"101":{"start":{"line":186,"column":4},"end":{"line":186,"column":24}},"102":{"start":{"line":187,"column":4},"end":{"line":187,"column":55}},"103":{"start":{"line":188,"column":4},"end":{"line":188,"column":91}},"104":{"start":{"line":189,"column":4},"end":{"line":189,"column":61}},"105":{"start":{"line":190,"column":4},"end":{"line":190,"column":48}},"106":{"start":{"line":191,"column":4},"end":{"line":191,"column":62}},"107":{"start":{"line":192,"column":17},"end":{"line":192,"column":23}},"108":{"start":{"line":193,"column":17},"end":{"line":193,"column":23}},"109":{"start":{"line":194,"column":4},"end":{"line":194,"column":58}},"110":{"start":{"line":195,"column":4},"end":{"line":195,"column":56}},"111":{"start":{"line":196,"column":4},"end":{"line":196,"column":61}},"112":{"start":{"line":197,"column":4},"end":{"line":197,"column":104}},"113":{"start":{"line":199,"column":27},"end":{"line":199,"column":53}},"114":{"start":{"line":200,"column":4},"end":{"line":200,"column":40}},"115":{"start":{"line":201,"column":24},"end":{"line":201,"column":80}},"116":{"start":{"line":202,"column":4},"end":{"line":202,"column":29}},"117":{"start":{"line":227,"column":30},"end":{"line":227,"column":92}},"118":{"start":{"line":234,"column":18},"end":{"line":234,"column":19}},"119":{"start":{"line":235,"column":18},"end":{"line":235,"column":19}},"120":{"start":{"line":236,"column":23},"end":{"line":236,"column":29}},"121":{"start":{"line":237,"column":23},"end":{"line":237,"column":28}},"122":{"start":{"line":238,"column":20},"end":{"line":238,"column":21}},"123":{"start":{"line":239,"column":20},"end":{"line":239,"column":21}},"124":{"start":{"line":242,"column":27},"end":{"line":242,"column":49}},"125":{"start":{"line":243,"column":27},"end":{"line":243,"column":49}},"126":{"start":{"line":247,"column":16},"end":{"line":247,"column":60}},"127":{"start":{"line":251,"column":22},"end":{"line":251,"column":39}},"128":{"start":{"line":252,"column":22},"end":{"line":252,"column":39}},"129":{"start":{"line":253,"column":25},"end":{"line":253,"column":45}},"130":{"start":{"line":254,"column":25},"end":{"line":254,"column":45}},"131":{"start":{"line":257,"column":28},"end":{"line":257,"column":60}},"132":{"start":{"line":258,"column":28},"end":{"line":258,"column":60}},"133":{"start":{"line":259,"column":25},"end":{"line":259,"column":26}},"134":{"start":{"line":260,"column":25},"end":{"line":260,"column":26}},"135":{"start":{"line":263,"column":22},"end":{"line":263,"column":56}},"136":{"start":{"line":264,"column":22},"end":{"line":264,"column":56}},"137":{"start":{"line":265,"column":4},"end":{"line":265,"column":182}},"138":{"start":{"line":267,"column":4},"end":{"line":267,"column":49}},"139":{"start":{"line":268,"column":4},"end":{"line":268,"column":47}},"140":{"start":{"line":272,"column":23},"end":{"line":272,"column":24}},"141":{"start":{"line":273,"column":17},"end":{"line":273,"column":18}},"142":{"start":{"line":274,"column":17},"end":{"line":274,"column":18}},"143":{"start":{"line":275,"column":15},"end":{"line":275,"column":16}},"144":{"start":{"line":276,"column":25},"end":{"line":276,"column":26}},"145":{"start":{"line":277,"column":19},"end":{"line":277,"column":20}},"146":{"start":{"line":278,"column":19},"end":{"line":278,"column":20}},"147":{"start":{"line":283,"column":22},"end":{"line":283,"column":60}},"148":{"start":{"line":284,"column":22},"end":{"line":284,"column":24}},"149":{"start":{"line":285,"column":4},"end":{"line":285,"column":29}},"150":{"start":{"line":288,"column":14},"end":{"line":288,"column":15}},"151":{"start":{"line":289,"column":4},"end":{"line":366,"column":5}},"152":{"start":{"line":290,"column":27},"end":{"line":290,"column":43}},"153":{"start":{"line":291,"column":8},"end":{"line":365,"column":9}},"154":{"start":{"line":293,"column":12},"end":{"line":293,"column":48}},"155":{"start":{"line":294,"column":12},"end":{"line":294,"column":38}},"156":{"start":{"line":295,"column":12},"end":{"line":295,"column":42}},"157":{"start":{"line":296,"column":12},"end":{"line":312,"column":13}},"158":{"start":{"line":298,"column":20},"end":{"line":298,"column":51}},"159":{"start":{"line":299,"column":20},"end":{"line":299,"column":26}},"160":{"start":{"line":301,"column":20},"end":{"line":301,"column":43}},"161":{"start":{"line":302,"column":20},"end":{"line":302,"column":26}},"162":{"start":{"line":304,"column":20},"end":{"line":304,"column":43}},"163":{"start":{"line":305,"column":20},"end":{"line":305,"column":26}},"164":{"start":{"line":307,"column":20},"end":{"line":307,"column":41}},"165":{"start":{"line":308,"column":20},"end":{"line":308,"column":26}},"166":{"start":{"line":311,"column":20},"end":{"line":311,"column":49}},"167":{"start":{"line":313,"column":12},"end":{"line":313,"column":89}},"168":{"start":{"line":315,"column":12},"end":{"line":315,"column":21}},"169":{"start":{"line":320,"column":12},"end":{"line":329,"column":13}},"170":{"start":{"line":322,"column":16},"end":{"line":322,"column":38}},"171":{"start":{"line":323,"column":16},"end":{"line":323,"column":38}},"172":{"start":{"line":325,"column":17},"end":{"line":329,"column":13}},"173":{"start":{"line":327,"column":16},"end":{"line":327,"column":28}},"174":{"start":{"line":328,"column":16},"end":{"line":328,"column":28}},"175":{"start":{"line":330,"column":12},"end":{"line":364,"column":13}},"176":{"start":{"line":336,"column":20},"end":{"line":336,"column":82}},"177":{"start":{"line":337,"column":20},"end":{"line":337,"column":90}},"178":{"start":{"line":338,"column":20},"end":{"line":338,"column":29}},"179":{"start":{"line":339,"column":20},"end":{"line":339,"column":26}},"180":{"start":{"line":341,"column":20},"end":{"line":341,"column":82}},"181":{"start":{"line":342,"column":20},"end":{"line":342,"column":29}},"182":{"start":{"line":343,"column":20},"end":{"line":343,"column":26}},"183":{"start":{"line":345,"column":20},"end":{"line":345,"column":82}},"184":{"start":{"line":346,"column":20},"end":{"line":346,"column":29}},"185":{"start":{"line":347,"column":20},"end":{"line":347,"column":26}},"186":{"start":{"line":352,"column":20},"end":{"line":352,"column":82}},"187":{"start":{"line":353,"column":20},"end":{"line":353,"column":90}},"188":{"start":{"line":354,"column":20},"end":{"line":354,"column":72}},"189":{"start":{"line":355,"column":20},"end":{"line":355,"column":72}},"190":{"start":{"line":356,"column":20},"end":{"line":356,"column":72}},"191":{"start":{"line":357,"column":20},"end":{"line":357,"column":90}},"192":{"start":{"line":358,"column":20},"end":{"line":358,"column":90}},"193":{"start":{"line":359,"column":20},"end":{"line":359,"column":29}},"194":{"start":{"line":360,"column":20},"end":{"line":360,"column":26}},"195":{"start":{"line":362,"column":20},"end":{"line":362,"column":91}},"196":{"start":{"line":363,"column":20},"end":{"line":363,"column":26}},"197":{"start":{"line":367,"column":4},"end":{"line":367,"column":29}},"198":{"start":{"line":368,"column":4},"end":{"line":368,"column":33}},"199":{"start":{"line":374,"column":4},"end":{"line":374,"column":41}},"200":{"start":{"line":375,"column":4},"end":{"line":375,"column":26}},"201":{"start":{"line":382,"column":4},"end":{"line":389,"column":28}},"202":{"start":{"line":391,"column":0},"end":{"line":391,"column":26}}},"fnMap":{"0":{"name":"(anonymous_0)","decl":{"start":{"line":14,"column":21},"end":{"line":14,"column":22}},"loc":{"start":{"line":14,"column":30},"end":{"line":109,"column":1}},"line":14},"1":{"name":"(anonymous_1)","decl":{"start":{"line":46,"column":50},"end":{"line":46,"column":51}},"loc":{"start":{"line":46,"column":62},"end":{"line":49,"column":13}},"line":46},"2":{"name":"(anonymous_2)","decl":{"start":{"line":52,"column":39},"end":{"line":52,"column":40}},"loc":{"start":{"line":52,"column":55},"end":{"line":59,"column":13}},"line":52},"3":{"name":"(anonymous_3)","decl":{"start":{"line":60,"column":45},"end":{"line":60,"column":46}},"loc":{"start":{"line":60,"column":64},"end":{"line":72,"column":13}},"line":60},"4":{"name":"(anonymous_4)","decl":{"start":{"line":83,"column":41},"end":{"line":83,"column":42}},"loc":{"start":{"line":83,"column":51},"end":{"line":102,"column":13}},"line":83},"5":{"name":"deg2Radian","decl":{"start":{"line":110,"column":9},"end":{"line":110,"column":19}},"loc":{"start":{"line":110,"column":25},"end":{"line":112,"column":1}},"line":110},"6":{"name":"multiplyMatrices","decl":{"start":{"line":113,"column":9},"end":{"line":113,"column":25}},"loc":{"start":{"line":113,"column":44},"end":{"line":129,"column":1}},"line":113},"7":{"name":"multiply","decl":{"start":{"line":130,"column":9},"end":{"line":130,"column":17}},"loc":{"start":{"line":130,"column":24},"end":{"line":135,"column":1}},"line":130},"8":{"name":"move","decl":{"start":{"line":137,"column":9},"end":{"line":137,"column":13}},"loc":{"start":{"line":137,"column":20},"end":{"line":142,"column":1}},"line":137},"9":{"name":"rotate","decl":{"start":{"line":144,"column":9},"end":{"line":144,"column":15}},"loc":{"start":{"line":144,"column":23},"end":{"line":149,"column":1}},"line":144},"10":{"name":"calculateXYFromNode","decl":{"start":{"line":150,"column":9},"end":{"line":150,"column":28}},"loc":{"start":{"line":150,"column":35},"end":{"line":166,"column":1}},"line":150},"11":{"name":"newCalculateRelative","decl":{"start":{"line":171,"column":9},"end":{"line":171,"column":29}},"loc":{"start":{"line":171,"column":44},"end":{"line":228,"column":1}},"line":171},"12":{"name":"getTranslationAndScaling","decl":{"start":{"line":233,"column":9},"end":{"line":233,"column":33}},"loc":{"start":{"line":233,"column":55},"end":{"line":269,"column":1}},"line":233},"13":{"name":"getTransformedPathDStr","decl":{"start":{"line":270,"column":9},"end":{"line":270,"column":31}},"loc":{"start":{"line":270,"column":78},"end":{"line":369,"column":1}},"line":270},"14":{"name":"getArrayOfPathDComponents","decl":{"start":{"line":370,"column":9},"end":{"line":370,"column":34}},"loc":{"start":{"line":370,"column":40},"end":{"line":376,"column":1}},"line":370},"15":{"name":"standardizePathDStrFormat","decl":{"start":{"line":377,"column":9},"end":{"line":377,"column":34}},"loc":{"start":{"line":377,"column":40},"end":{"li
[...]
,"/Users/dylanwootton/Documents/Figma Plugin/Vega-fi/src/utils.js": {"path":"/Users/dylanwootton/Documents/Figma Plugin/Vega-fi/src/utils.js","statementMap":{"0":{"start":{"line":1,"column":26},"end":{"line":6,"column":1}},"1":{"start":{"line":2,"column":22},"end":{"line":4,"column":29}},"2":{"start":{"line":5,"column":4},"end":{"line":5,"column":60}},"3":{"start":{"line":8,"column":4},"end":{"line":8,"column":15}},"4":{"start":{"line":9,"column":19},"end":{"line":9,"column":32}},"5":{"start":{"line":10,"column":4},"end":{"line":14,"column":5}},"6":{"start":{"line":11,"column":8},"end":{"line":13,"column":9}},"7":{"start":{"line":12,"column":12},"end":{"line":12,"column":35}}},"fnMap":{"0":{"name":"(anonymous_0)","decl":{"start":{"line":1,"column":26},"end":{"line":1,"column":27}},"loc":{"start":{"line":1,"column":35},"end":{"line":6,"column":1}},"line":1},"1":{"name":"walkTree","decl":{"start":{"line":7,"column":10},"end":{"line":7,"column":18}},"loc":{"start":{"line":7,"column":25},"end":{"line":15,"column":1}},"line":7}},"branchMap":{"0":{"loc":{"start":{"line":10,"column":4},"end":{"line":14,"column":5}},"type":"if","locations":[{"start":{"line":10,"column":4},"end":{"line":14,"column":5}},{"start":{"line":10,"column":4},"end":{"line":14,"column":5}}],"line":10}},"s":{"0":0,"1":0,"2":0,"3":0,"4":0,"5":0,"6":0,"7":0},"f":{"0":0,"1":0},"b":{"0":[0,0]},"inputSourceMap":null}
,"/Users/dylanwootton/Documents/Figma Plugin/Vega-fi/src/utils.ts": {"path":"/Users/dylanwootton/Documents/Figma Plugin/Vega-fi/src/utils.ts","statementMap":{"0":{"start":{"line":1,"column":26},"end":{"line":11,"column":3}},"1":{"start":{"line":4,"column":22},"end":{"line":6,"column":27}},"2":{"start":{"line":10,"column":4},"end":{"line":10,"column":60}},"3":{"start":{"line":1,"column":13},"end":{"line":1,"column":26}},"4":{"start":{"line":14,"column":1},"end":{"line":14,"column":12}},"5":{"start":{"line":15,"column":16},"end":{"line":15,"column":29}},"6":{"start":{"line":16,"column":1},"end":{"line":20,"column":null}},"7":{"start":{"line":17,"column":2},"end":{"line":19,"column":null}},"8":{"start":{"line":18,"column":3},"end":{"line":18,"column":26}}},"fnMap":{"0":{"name":"(anonymous_0)","decl":{"start":{"line":1,"column":26},"end":{"line":1,"column":27}},"loc":{"start":{"line":1,"column":42},"end":{"line":11,"column":3}}},"1":{"name":"walkTree","decl":{"start":{"line":13,"column":12},"end":{"line":13,"column":20}},"loc":{"start":{"line":13,"column":25},"end":{"line":21,"column":1}}}},"branchMap":{"0":{"loc":{"start":{"line":16,"column":1},"end":{"line":20,"column":null}},"type":"if","locations":[{"start":{"line":16,"column":1},"end":{"line":20,"column":null}},{"start":{"line":16,"column":1},"end":{"line":20,"column":null}}]}},"s":{"0":0,"1":0,"2":0,"3":0,"4":0,"5":0,"6":0,"7":0,"8":0},"f":{"0":0,"1":0},"b":{"0":[0,0]}}
,"/Users/dylanwootton/Documents/Figma Plugin/Vega-fi/src/common/models/view.ts": {"path":"/Users/dylanwootton/Documents/Figma Plugin/Vega-fi/src/common/models/view.ts","statementMap":{"0":{"start":{"line":13,"column":4},"end":{"line":13,"column":66}},"1":{"start":{"line":14,"column":4},"end":{"line":14,"column":66}},"2":{"start":{"line":15,"column":4},"end":{"line":15,"column":73}},"3":{"start":{"line":16,"column":4},"end":{"line":16,"column":104}},"4":{"start":{"line":17,"column":4},"end":{"line":17,"column":103}},"5":{"start":{"line":18,"column":4},"end":{"line":18,"column":91}},"6":{"start":{"line":19,"column":4},"end":{"line":19,"column":94}},"7":{"start":{"line":20,"column":4},"end":{"line":20,"column":91}},"8":{"start":{"line":21,"column":4},"end":{"line":21,"column":100}},"9":{"start":{"line":25,"column":17},"end":{"line":25,"column":19}},"10":{"start":{"line":26,"column":21},"end":{"line":26,"column":85}},"11":{"start":{"line":27,"column":27},"end":{"line":27,"column":44}},"12":{"start":{"line":28,"column":4},"end":{"line":30,"column":null}},"13":{"start":{"line":28,"column":17},"end":{"line":28,"column":18}},"14":{"start":{"line":29,"column":6},"end":{"line":29,"column":80}},"15":{"start":{"line":31,"column":4},"end":{"line":31,"column":18}},"16":{"start":{"line":34,"column":0},"end":{"line":34,"column":20}}},"fnMap":{"0":{"name":"(anonymous_0)","decl":{"start":{"line":12,"column":2},"end":{"line":12,"column":14}},"loc":{"start":{"line":12,"column":24},"end":{"line":22,"column":3}}},"1":{"name":"makeID","decl":{"start":{"line":24,"column":9},"end":{"line":24,"column":15}},"loc":{"start":{"line":24,"column":22},"end":{"line":32,"column":3}}}},"branchMap":{"0":{"loc":{"start":{"line":13,"column":37},"end":{"line":13,"column":54}},"type":"cond-expr","locations":[{"start":{"line":13,"column":37},"end":{"line":13,"column":54}},{"start":{"line":13,"column":56},"end":{"line":13,"column":65}}]},"1":{"loc":{"start":{"line":14,"column":42},"end":{"line":14,"column":61}},"type":"cond-expr","locations":[{"start":{"line":14,"column":42},"end":{"line":14,"column":61}},{"start":{"line":14,"column":63},"end":{"line":14,"column":65}}]},"2":{"loc":{"start":{"line":15,"column":45},"end":{"line":15,"column":66}},"type":"cond-expr","locations":[{"start":{"line":15,"column":45},"end":{"line":15,"column":66}},{"start":{"line":15,"column":68},"end":{"line":15,"column":72}}]},"3":{"loc":{"start":{"line":16,"column":59},"end":{"line":16,"column":99}},"type":"cond-expr","locations":[{"start":{"line":16,"column":59},"end":{"line":16,"column":99}},{"start":{"line":16,"column":101},"end":{"line":16,"column":103}}]},"4":{"loc":{"start":{"line":17,"column":53},"end":{"line":17,"column":90}},"type":"cond-expr","locations":[{"start":{"line":17,"column":53},"end":{"line":17,"column":90}},{"start":{"line":17,"column":92},"end":{"line":17,"column":102}}]},"5":{"loc":{"start":{"line":18,"column":57},"end":{"line":18,"column":84}},"type":"cond-expr","locations":[{"start":{"line":18,"column":57},"end":{"line":18,"column":84}},{"start":{"line":18,"column":86},"end":{"line":18,"column":90}}]},"6":{"loc":{"start":{"line":19,"column":59},"end":{"line":19,"column":87}},"type":"cond-expr","locations":[{"start":{"line":19,"column":59},"end":{"line":19,"column":87}},{"start":{"line":19,"column":89},"end":{"line":19,"column":93}}]},"7":{"loc":{"start":{"line":20,"column":57},"end":{"line":20,"column":84}},"type":"cond-expr","locations":[{"start":{"line":20,"column":57},"end":{"line":20,"column":84}},{"start":{"line":20,"column":86},"end":{"line":20,"column":90}}]},"8":{"loc":{"start":{"line":21,"column":63},"end":{"line":21,"column":93}},"type":"cond-expr","locations":[{"start":{"line":21,"column":63},"end":{"line":21,"column":93}},{"start":{"line":21,"column":95},"end":{"line":21,"column":99}}]}},"s":{"0":0,"1":0,"2":0,"3":0,"4":0,"5":0,"6":0,"7":0,"8":0,"9":0,"10":0,"11":0,"12":0,"13":0,"14":0,"15":0,"16":0},"f":{"0":0,"1":0},"b":{"0":[0,0],"1":[0,0],"2":[0,0],"3":[0,0],"4":[0,0],"5":[0,0],"6":[0,0],"7":[0,0],"8":[0,0]}}
,"/Users/dylanwootton/Documents/Figma Plugin/Vega-fi/src/redux/actionTypes.ts": {"path":"/Users/dylanwootton/Documents/Figma Plugin/Vega-fi/src/redux/actionTypes.ts","statementMap":{"0":{"start":{"line":1,"column":13},"end":{"line":1,"column":45}},"1":{"start":{"line":2,"column":13},"end":{"line":2,"column":49}},"2":{"start":{"line":3,"column":13},"end":{"line":3,"column":51}},"3":{"start":{"line":4,"column":13},"end":{"line":4,"column":57}}},"fnMap":{},"branchMap":{},"s":{"0":0,"1":0,"2":0,"3":0},"f":{},"b":{}}
,"/Users/dylanwootton/Documents/Figma Plugin/Vega-fi/src/redux/actions.ts": {"path":"/Users/dylanwootton/Documents/Figma Plugin/Vega-fi/src/redux/actions.ts","statementMap":{"0":{"start":{"line":1,"column":0},"end":{"line":1,"column":81}},"1":{"start":{"line":3,"column":17},"end":{"line":3,"column":18}},"2":{"start":{"line":9,"column":23},"end":{"line":14,"column":2}},"3":{"start":{"line":9,"column":34},"end":{"line":14,"column":2}},"4":{"start":{"line":9,"column":13},"end":{"line":9,"column":23}},"5":{"start":{"line":16,"column":24},"end":{"line":22,"column":2}},"6":{"start":{"line":16,"column":47},"end":{"line":22,"column":2}},"7":{"start":{"line":16,"column":13},"end":{"line":16,"column":24}}},"fnMap":{"0":{"name":"(anonymous_0)","decl":{"start":{"line":9,"column":23},"end":{"line":9,"column":24}},"loc":{"start":{"line":9,"column":34},"end":{"line":14,"column":2}}},"1":{"name":"(anonymous_1)","decl":{"start":{"line":16,"column":24},"end":{"line":16,"column":25}},"loc":{"start":{"line":16,"column":47},"end":{"line":22,"column":2}}}},"branchMap":{},"s":{"0":0,"1":0,"2":0,"3":0,"4":0,"5":0,"6":0,"7":0},"f":{"0":0,"1":0},"b":{}}
,"/Users/dylanwootton/Documents/Figma Plugin/Vega-fi/src/redux/store.ts": {"path":"/Users/dylanwootton/Documents/Figma Plugin/Vega-fi/src/redux/store.ts","statementMap":{"0":{"start":{"line":1,"column":0},"end":{"line":1,"column":31}},"1":{"start":{"line":2,"column":0},"end":{"line":2,"column":43}},"2":{"start":{"line":4,"column":0},"end":{"line":4,"column":46}}},"fnMap":{},"branchMap":{},"s":{"0":0,"1":0,"2":0},"f":{},"b":{}}
,"/Users/dylanwootton/Documents/Figma Plugin/Vega-fi/src/redux/reducers/index.ts": {"path":"/Users/dylanwootton/Documents/Figma Plugin/Vega-fi/src/redux/reducers/index.ts","statementMap":{"0":{"start":{"line":1,"column":0},"end":{"line":1,"column":31}},"1":{"start":{"line":2,"column":0},"end":{"line":2,"column":36}},"2":{"start":{"line":4,"column":0},"end":{"line":4,"column":52}}},"fnMap":{},"branchMap":{},"s":{"0":0,"1":0,"2":0},"f":{},"b":{}}
,"/Users/dylanwootton/Documents/Figma Plugin/Vega-fi/src/redux/reducers/vegaViews.ts": {"path":"/Users/dylanwootton/Documents/Figma Plugin/Vega-fi/src/redux/reducers/vegaViews.ts","statementMap":{"0":{"start":{"line":1,"column":0},"end":{"line":1,"column":null}},"1":{"start":{"line":8,"column":0},"end":{"line":8,"column":23}},"2":{"start":{"line":10,"column":30},"end":{"line":10,"column":32}},"3":{"start":{"line":27,"column":2},"end":{"line":73,"column":null}},"4":{"start":{"line":29,"column":6},"end":{"line":29,"column":85}},"5":{"start":{"line":31,"column":6},"end":{"line":31,"column":49}},"6":{"start":{"line":34,"column":31},"end":{"line":34,"column":45}},"7":{"start":{"line":35,"column":31},"end":{"line":35,"column":41}},"8":{"start":{"line":36,"column":24},"end":{"line":36,"column":84}},"9":{"start":{"line":36,"column":61},"end":{"line":36,"column":83}},"10":{"start":{"line":37,"column":6},"end":{"line":37,"column":58}},"11":{"start":{"line":38,"column":6},"end":{"line":41,"column":null}},"12":{"start":{"line":39,"column":26},"end":{"line":39,"column":72}},"13":{"start":{"line":40,"column":8},"end":{"line":40,"column":69}},"14":{"start":{"line":43,"column":6},"end":{"line":43,"column":30}},"15":{"start":{"line":46,"column":25},"end":{"line":46,"column":39}},"16":{"start":{"line":47,"column":29},"end":{"line":47,"column":39}},"17":{"start":{"line":48,"column":24},"end":{"line":48,"column":84}},"18":{"start":{"line":48,"column":61},"end":{"line":48,"column":83}},"19":{"start":{"line":49,"column":6},"end":{"line":54,"column":null}},"20":{"start":{"line":50,"column":8},"end":{"line":53,"column":10}},"21":{"start":{"line":55,"column":6},"end":{"line":55,"column":30}},"22":{"start":{"line":58,"column":37},"end":{"line":58,"column":51}},"23":{"start":{"line":59,"column":31},"end":{"line":59,"column":41}},"24":{"start":{"line":60,"column":24},"end":{"line":60,"column":84}},"25":{"start":{"line":60,"column":61},"end":{"line":60,"column":83}},"26":{"start":{"line":61,"column":6},"end":{"line":67,"column":null}},"27":{"start":{"line":62,"column":26},"end":{"line":62,"column":66}},"28":{"start":{"line":63,"column":8},"end":{"line":65,"column":null}},"29":{"start":{"line":64,"column":10},"end":{"line":64,"column":58}},"30":{"start":{"line":66,"column":8},"end":{"line":66,"column":48}},"31":{"start":{"line":69,"column":6},"end":{"line":69,"column":30}},"32":{"start":{"line":72,"column":6},"end":{"line":72,"column":19}},"33":{"start":{"line":26,"column":0},"end":{"line":26,"column":25}}},"fnMap":{"0":{"name":"default_1","decl":{"start":{"line":26,"column":0},"end":{"line":26,"column":25}},"loc":{"start":{"line":26,"column":53},"end":{"line":74,"column":1}}},"1":{"name":"(anonymous_1)","decl":{"start":{"line":36,"column":51},"end":{"line":36,"column":52}},"loc":{"start":{"line":36,"column":61},"end":{"line":36,"column":83}}},"2":{"name":"(anonymous_2)","decl":{"start":{"line":48,"column":51},"end":{"line":48,"column":52}},"loc":{"start":{"line":48,"column":61},"end":{"line":48,"column":83}}},"3":{"name":"(anonymous_3)","decl":{"start":{"line":60,"column":51},"end":{"line":60,"column":52}},"loc":{"start":{"line":60,"column":61},"end":{"line":60,"column":83}}}},"branchMap":{"0":{"loc":{"start":{"line":26,"column":33},"end":{"line":26,"column":45}},"type":"default-arg","locations":[{"start":{"line":26,"column":33},"end":{"line":26,"column":45}}]},"1":{"loc":{"start":{"line":28,"column":4},"end":{"line":32,"column":null}},"type":"switch","locations":[{"start":{"line":28,"column":4},"end":{"line":32,"column":null}},{"start":{"line":33,"column":4},"end":{"line":44,"column":null}},{"start":{"line":45,"column":4},"end":{"line":56,"column":null}},{"start":{"line":57,"column":4},"end":{"line":70,"column":null}},{"start":{"line":71,"column":4},"end":{"line":72,"column":19}}]},"2":{"loc":{"start":{"line":38,"column":6},"end":{"line":41,"column":null}},"type":"if","locations":[{"start":{"line":38,"column":6},"end":{"line":41,"column":null}},{"start":{"line":38,"column":6},"end":{"line":41,"column":null}}]},"3":{"loc":{"start":{"line":49,"column":6},"end":{"line":54,"column":null}},"type":"if","locations":[{"start":{"line":49,"column":6},"end":{"line":54,"column":null}},{"start":{"line":49,"column":6},"end":{"line":54,"column":null}}]},"4":{"loc":{"start":{"line":61,"column":6},"end":{"line":67,"column":null}},"type":"if","locations":[{"start":{"line":61,"column":6},"end":{"line":67,"column":null}},{"start":{"line":61,"column":6},"end":{"line":67,"column":null}}]},"5":{"loc":{"start":{"line":63,"column":8},"end":{"line":65,"column":null}},"type":"if","locations":[{"start":{"line":63,"column":8},"end":{"line":65,"column":null}},{"start":{"line":63,"column":8},"end":{"line":65,"column":null}}]},"6":{"loc":{"start":{"line":63,"column":12},"end":{"line":63,"column":36}},"type":"binary-expr","locations":[{"start":{"line":63,"column":12},"end":{"line":63,"column":36}},{"start":{"line":63,"column":40},"end":{"line":63,"column":70}}]}},"s":{"0":0,"1":0,"2":0,"3":0,"4":0,"5":0,"6":0,"7":0,"8":0,"9":0,"10":0,"11":0,"12":0,"13":0,"14":0,"15":0,"16":0,"17":0,"18":0,"19":0,"20":0,"21":0,"22":0,"23":0,"24":0,"25":0,"26":0,"27":0,"28":0,"29":0,"30":0,"31":0,"32":0,"33":0},"f":{"0":0,"1":0,"2":0,"3":0},"b":{"0":[0],"1":[0,0,0,0,0],"2":[0,0],"3":[0,0],"4":[0,0],"5":[0,0],"6":[0,0]}}
,"/Users/dylanwootton/Documents/Figma Plugin/Vega-fi/src/svgToVega/svgToVega.ts": {"path":"/Users/dylanwootton/Documents/Figma Plugin/Vega-fi/src/svgToVega/svgToVega.ts","statementMap":{"0":{"start":{"line":2,"column":0},"end":{"line":2,"column":35}},"1":{"start":{"line":11,"column":14},"end":{"line":11,"column":15}},"2":{"start":{"line":13,"column":2},"end":{"line":17,"column":null}},"3":{"start":{"line":14,"column":4},"end":{"line":14,"column":28}},"4":{"start":{"line":16,"column":4},"end":{"line":16,"column":null}},"5":{"start":{"line":20,"column":17},"end":{"line":20,"column":42}},"6":{"start":{"line":22,"column":4},"end":{"line":24,"column":null}},"7":{"start":{"line":23,"column":6},"end":{"line":23,"column":18}},"8":{"start":{"line":35,"column":4},"end":{"line":35,"column":null}},"9":{"start":{"line":36,"column":4},"end":{"line":36,"column":null}},"10":{"start":{"line":19,"column":0},"end":{"line":19,"column":16}}},"fnMap":{"0":{"name":"parseSVGString","decl":{"start":{"line":10,"column":9},"end":{"line":10,"column":23}},"loc":{"start":{"line":10,"column":33},"end":{"line":18,"column":1}}},"1":{"name":"convert","decl":{"start":{"line":19,"column":16},"end":{"line":19,"column":23}},"loc":{"start":{"line":19,"column":33},"end":{"line":37,"column":1}}}},"branchMap":{"0":{"loc":{"start":{"line":22,"column":4},"end":{"line":24,"column":null}},"type":"if","locations":[{"start":{"line":22,"column":4},"end":{"line":24,"column":null}},{"start":{"line":22,"column":4},"end":{"line":24,"column":null}}]}},"s":{"0":1,"1":3,"2":3,"3":3,"4":2,"5":3,"6":1,"7":0,"8":1,"9":1,"10":1},"f":{"0":3,"1":3},"b":{"0":[0,1]}}
,"/Users/dylanwootton/Documents/Figma Plugin/Vega-fi/src/svgToVega/utils.ts": {"path":"/Users/dylanwootton/Documents/Figma Plugin/Vega-fi/src/svgToVega/utils.ts","statementMap":{"0":{"start":{"line":2,"column":82},"end":{"line":2,"column":86}},"1":{"start":{"line":4,"column":4},"end":{"line":6,"column":null}},"2":{"start":{"line":5,"column":6},"end":{"line":5,"column":16}},"3":{"start":{"line":8,"column":28},"end":{"line":8,"column":30}},"4":{"start":{"line":9,"column":6},"end":{"line":17,"column":null}},"5":{"start":{"line":10,"column":8},"end":{"line":12,"column":null}},"6":{"start":{"line":11,"column":10},"end":{"line":11,"column":40}},"7":{"start":{"line":14,"column":8},"end":{"line":16,"column":null}},"8":{"start":{"line":15,"column":10},"end":{"line":15,"column":null}},"9":{"start":{"line":18,"column":6},"end":{"line":18,"column":29}},"10":{"start":{"line":21,"column":4},"end":{"line":21,"column":null}},"11":{"start":{"line":2,"column":0},"end":{"line":2,"column":16}}},"fnMap":{"0":{"name":"matchObjectsInHierarchy","decl":{"start":{"line":2,"column":16},"end":{"line":2,"column":39}},"loc":{"start":{"line":2,"column":114},"end":{"line":22,"column":3}}},"1":{"name":"(anonymous_1)","decl":{"start":{"line":2,"column":74},"end":{"line":2,"column":75}},"loc":{"start":{"line":2,"column":82},"end":{"line":2,"column":86}}},"2":{"name":"matchObjectsRecrusive","decl":{"start":{"line":7,"column":13},"end":{"line":7,"column":34}},"loc":{"start":{"line":7,"column":40},"end":{"line":19,"column":5}}},"3":{"name":"(anonymous_3)","decl":{"start":{"line":9,"column":20},"end":{"line":9,"column":27}},"loc":{"start":{"line":9,"column":29},"end":{"line":17,"column":7}}}},"branchMap":{"0":{"loc":{"start":{"line":2,"column":74},"end":{"line":2,"column":86}},"type":"default-arg","locations":[{"start":{"line":2,"column":74},"end":{"line":2,"column":86}}]},"1":{"loc":{"start":{"line":2,"column":104},"end":{"line":2,"column":114}},"type":"default-arg","locations":[{"start":{"line":2,"column":104},"end":{"line":2,"column":114}}]},"2":{"loc":{"start":{"line":4,"column":4},"end":{"line":6,"column":null}},"type":"if","locations":[{"start":{"line":4,"column":4},"end":{"line":6,"column":null}},{"start":{"line":4,"column":4},"end":{"line":6,"column":null}}]},"3":{"loc":{"start":{"line":10,"column":8},"end":{"line":12,"column":null}},"type":"if","locations":[{"start":{"line":10,"column":8},"end":{"line":12,"column":null}},{"start":{"line":10,"column":8},"end":{"line":12,"column":null}}]},"4":{"loc":{"start":{"line":14,"column":8},"end":{"line":16,"column":null}},"type":"if","locations":[{"start":{"line":14,"column":8},"end":{"line":16,"column":null}},{"start":{"line":14,"column":8},"end":{"line":16,"column":null}}]},"5":{"loc":{"start":{"line":14,"column":36},"end":{"line":14,"column":38}},"type":"cond-expr","locations":[{"start":{"line":14,"column":36},"end":{"line":14,"column":38}},{"start":{"line":14,"column":36},"end":{"line":14,"column":44}}]},"6":{"loc":{"start":{"line":14,"column":8},"end":{"line":14,"column":38}},"type":"binary-expr","locations":[{"start":{"line":14,"column":8},"end":{"line":14,"column":38}},{"start":{"line":14,"column":36},"end":{"line":14,"column":38}}]}},"s":{"0":0,"1":0,"2":0,"3":0,"4":0,"5":0,"6":0,"7":0,"8":0,"9":0,"10":0,"11":0},"f":{"0":0,"1":0,"2":0,"3":0},"b":{"0":[0],"1":[0],"2":[0,0],"3":[0,0],"4":[0,0],"5":[0,0],"6":[0,0]}}
}
