{"/Users/dylanwootton/Documents/Figma Plugin/Vega-fi/src/svgToVega/svgToVega.ts": {"path":"/Users/dylanwootton/Documents/Figma Plugin/Vega-fi/src/svgToVega/svgToVega.ts","statementMap":{"0":{"start":{"line":2,"column":0},"end":{"line":2,"column":35}},"1":{"start":{"line":11,"column":14},"end":{"line":11,"column":15}},"2":{"start":{"line":13,"column":2},"end":{"line":17,"column":null}},"3":{"start":{"line":14,"column":4},"end":{"line":14,"column":28}},"4":{"start":{"line":16,"column":4},"end":{"line":16,"column":null}},"5":{"start":{"line":20,"column":17},"end":{"line":20,"column":42}},"6":{"start":{"line":22,"column":4},"end":{"line":24,"column":null}},"7":{"start":{"line":23,"column":6},"end":{"line":23,"column":18}},"8":{"start":{"line":35,"column":4},"end":{"line":35,"column":null}},"9":{"start":{"line":36,"column":4},"end":{"line":36,"column":null}},"10":{"start":{"line":19,"column":0},"end":{"line":19,"column":16}}},"fnMap":{"0":{"name":"parseSVGString","decl":{"start":{"line":10,"column":9},"end":{"line":10,"column":23}},"loc":{"start":{"line":10,"column":33},"end":{"line":18,"column":1}}},"1":{"name":"convert","decl":{"start":{"line":19,"column":16},"end":{"line":19,"column":23}},"loc":{"start":{"line":19,"column":33},"end":{"line":37,"column":1}}}},"branchMap":{"0":{"loc":{"start":{"line":22,"column":4},"end":{"line":24,"column":null}},"type":"if","locations":[{"start":{"line":22,"column":4},"end":{"line":24,"column":null}},{"start":{"line":22,"column":4},"end":{"line":24,"column":null}}]}},"s":{"0":1,"1":3,"2":3,"3":3,"4":2,"5":3,"6":1,"7":0,"8":1,"9":1,"10":1},"f":{"0":3,"1":3},"b":{"0":[0,1]}}
}
