TN:
SF:src/SVGPaths.js
FN:13,(anonymous_0)
FN:21,(anonymous_1)
FN:127,(anonymous_2)
FN:210,(anonymous_3)
FN:219,(anonymous_4)
FN:300,(anonymous_5)
FN:307,(anonymous_6)
FN:314,(anonymous_7)
FN:322,(anonymous_8)
FN:340,(anonymous_9)
FN:367,(anonymous_10)
FN:384,(anonymous_11)
FN:401,(anonymous_12)
FN:421,(anonymous_13)
FN:453,(anonymous_14)
FN:482,(anonymous_15)
FN:496,(anonymous_16)
FN:519,rotatePoint
FN:525,atan3
FNF:19
FNH:0
FNDA:0,(anonymous_0)
FNDA:0,(anonymous_1)
FNDA:0,(anonymous_2)
FNDA:0,(anonymous_3)
FNDA:0,(anonymous_4)
FNDA:0,(anonymous_5)
FNDA:0,(anonymous_6)
FNDA:0,(anonymous_7)
FNDA:0,(anonymous_8)
FNDA:0,(anonymous_9)
FNDA:0,(anonymous_10)
FNDA:0,(anonymous_11)
FNDA:0,(anonymous_12)
FNDA:0,(anonymous_13)
FNDA:0,(anonymous_14)
FNDA:0,(anonymous_15)
FNDA:0,(anonymous_16)
FNDA:0,rotatePoint
FNDA:0,atan3
DA:15,0
DA:16,0
DA:22,0
DA:23,0
DA:24,0
DA:25,0
DA:26,0
DA:27,0
DA:28,0
DA:29,0
DA:30,0
DA:31,0
DA:32,0
DA:33,0
DA:35,0
DA:36,0
DA:38,0
DA:39,0
DA:40,0
DA:41,0
DA:42,0
DA:43,0
DA:44,0
DA:45,0
DA:46,0
DA:48,0
DA:49,0
DA:50,0
DA:51,0
DA:52,0
DA:53,0
DA:55,0
DA:56,0
DA:58,0
DA:60,0
DA:63,0
DA:64,0
DA:65,0
DA:71,0
DA:72,0
DA:73,0
DA:74,0
DA:75,0
DA:81,0
DA:82,0
DA:83,0
DA:84,0
DA:85,0
DA:88,0
DA:89,0
DA:90,0
DA:91,0
DA:92,0
DA:93,0
DA:94,0
DA:95,0
DA:99,0
DA:100,0
DA:101,0
DA:102,0
DA:103,0
DA:104,0
DA:105,0
DA:109,0
DA:110,0
DA:111,0
DA:112,0
DA:113,0
DA:114,0
DA:115,0
DA:117,0
DA:119,0
DA:120,0
DA:121,0
DA:122,0
DA:123,0
DA:128,0
DA:129,0
DA:130,0
DA:131,0
DA:133,0
DA:134,0
DA:137,0
DA:138,0
DA:141,0
DA:142,0
DA:144,0
DA:145,0
DA:146,0
DA:148,0
DA:149,0
DA:150,0
DA:153,0
DA:154,0
DA:155,0
DA:158,0
DA:159,0
DA:160,0
DA:163,0
DA:164,0
DA:178,0
DA:181,0
DA:182,0
DA:183,0
DA:186,0
DA:187,0
DA:188,0
DA:191,0
DA:192,0
DA:193,0
DA:196,0
DA:197,0
DA:198,0
DA:200,0
DA:202,0
DA:203,0
DA:204,0
DA:205,0
DA:206,0
DA:211,0
DA:212,0
DA:213,0
DA:215,0
DA:220,0
DA:221,0
DA:222,0
DA:224,0
DA:225,0
DA:229,0
DA:230,0
DA:231,0
DA:232,0
DA:236,0
DA:240,0
DA:241,0
DA:242,0
DA:243,0
DA:245,0
DA:246,0
DA:247,0
DA:248,0
DA:251,0
DA:252,0
DA:255,0
DA:260,0
DA:261,0
DA:262,0
DA:264,0
DA:266,0
DA:271,0
DA:272,0
DA:276,0
DA:277,0
DA:281,0
DA:282,0
DA:283,0
DA:286,0
DA:289,0
DA:290,0
DA:291,0
DA:292,0
DA:293,0
DA:294,0
DA:295,0
DA:301,0
DA:302,0
DA:308,0
DA:309,0
DA:315,0
DA:316,0
DA:317,0
DA:318,0
DA:323,0
DA:324,0
DA:325,0
DA:326,0
DA:327,0
DA:328,0
DA:329,0
DA:330,0
DA:331,0
DA:333,0
DA:334,0
DA:341,0
DA:342,0
DA:343,0
DA:344,0
DA:345,0
DA:347,0
DA:349,0
DA:352,0
DA:353,0
DA:354,0
DA:355,0
DA:357,0
DA:359,0
DA:363,0
DA:364,0
DA:368,0
DA:369,0
DA:370,0
DA:371,0
DA:372,0
DA:373,0
DA:374,0
DA:375,0
DA:376,0
DA:378,0
DA:379,0
DA:380,0
DA:385,0
DA:386,0
DA:387,0
DA:388,0
DA:389,0
DA:390,0
DA:391,0
DA:392,0
DA:393,0
DA:395,0
DA:396,0
DA:397,0
DA:402,0
DA:403,0
DA:404,0
DA:405,0
DA:406,0
DA:407,0
DA:408,0
DA:409,0
DA:410,0
DA:411,0
DA:412,0
DA:413,0
DA:414,0
DA:415,0
DA:416,0
DA:422,0
DA:423,0
DA:424,0
DA:425,0
DA:426,0
DA:427,0
DA:428,0
DA:429,0
DA:430,0
DA:431,0
DA:432,0
DA:433,0
DA:434,0
DA:435,0
DA:437,0
DA:438,0
DA:439,0
DA:440,0
DA:442,0
DA:443,0
DA:445,0
DA:446,0
DA:449,0
DA:450,0
DA:454,0
DA:455,0
DA:456,0
DA:457,0
DA:458,0
DA:459,0
DA:460,0
DA:462,0
DA:464,0
DA:466,0
DA:468,0
DA:469,0
DA:470,0
DA:471,0
DA:472,0
DA:473,0
DA:474,0
DA:475,0
DA:477,0
DA:478,0
DA:480,0
DA:483,0
DA:484,0
DA:485,0
DA:486,0
DA:487,0
DA:489,0
DA:490,0
DA:497,0
DA:498,0
DA:499,0
DA:500,0
DA:501,0
DA:502,0
DA:503,0
DA:504,0
DA:505,0
DA:506,0
DA:507,0
DA:508,0
DA:509,0
DA:510,0
DA:511,0
DA:512,0
DA:520,0
DA:521,0
DA:522,0
DA:526,0
DA:527,0
DA:528,0
DA:530,0
LF:312
LH:0
BRDA:52,0,0,0
BRDA:52,0,1,0
BRDA:55,1,0,0
BRDA:55,1,1,0
BRDA:56,2,0,0
BRDA:56,2,1,0
BRDA:56,3,0,0
BRDA:56,3,1,0
BRDA:60,4,0,0
BRDA:60,4,1,0
BRDA:60,4,2,0
BRDA:60,4,3,0
BRDA:60,4,4,0
BRDA:60,4,5,0
BRDA:60,4,6,0
BRDA:60,4,7,0
BRDA:60,4,8,0
BRDA:60,4,9,0
BRDA:60,4,10,0
BRDA:60,4,11,0
BRDA:60,4,12,0
BRDA:60,4,13,0
BRDA:60,4,14,0
BRDA:60,4,15,0
BRDA:60,4,16,0
BRDA:60,4,17,0
BRDA:60,4,18,0
BRDA:60,4,19,0
BRDA:60,4,20,0
BRDA:71,5,0,0
BRDA:71,5,1,0
BRDA:72,6,0,0
BRDA:72,6,1,0
BRDA:73,7,0,0
BRDA:73,7,1,0
BRDA:74,8,0,0
BRDA:74,8,1,0
BRDA:81,9,0,0
BRDA:81,9,1,0
BRDA:82,10,0,0
BRDA:82,10,1,0
BRDA:83,11,0,0
BRDA:83,11,1,0
BRDA:84,12,0,0
BRDA:84,12,1,0
BRDA:93,13,0,0
BRDA:93,13,1,0
BRDA:94,14,0,0
BRDA:94,14,1,0
BRDA:99,15,0,0
BRDA:99,15,1,0
BRDA:100,16,0,0
BRDA:100,16,1,0
BRDA:101,17,0,0
BRDA:101,17,1,0
BRDA:102,18,0,0
BRDA:102,18,1,0
BRDA:109,19,0,0
BRDA:109,19,1,0
BRDA:110,20,0,0
BRDA:110,20,1,0
BRDA:111,21,0,0
BRDA:111,21,1,0
BRDA:112,22,0,0
BRDA:112,22,1,0
BRDA:134,23,0,0
BRDA:134,23,1,0
BRDA:134,23,2,0
BRDA:134,23,3,0
BRDA:134,23,4,0
BRDA:134,23,5,0
BRDA:134,23,6,0
BRDA:134,23,7,0
BRDA:134,23,8,0
BRDA:134,23,9,0
BRDA:134,23,10,0
BRDA:134,23,11,0
BRDA:134,23,12,0
BRDA:134,23,13,0
BRDA:134,23,14,0
BRDA:134,23,15,0
BRDA:134,23,16,0
BRDA:134,23,17,0
BRDA:134,23,18,0
BRDA:134,23,19,0
BRDA:144,24,0,0
BRDA:144,24,1,0
BRDA:144,25,0,0
BRDA:144,25,1,0
BRDA:148,26,0,0
BRDA:148,26,1,0
BRDA:148,27,0,0
BRDA:148,27,1,0
BRDA:153,28,0,0
BRDA:153,28,1,0
BRDA:158,29,0,0
BRDA:158,29,1,0
BRDA:163,30,0,0
BRDA:163,30,1,0
BRDA:181,31,0,0
BRDA:181,31,1,0
BRDA:186,32,0,0
BRDA:186,32,1,0
BRDA:191,33,0,0
BRDA:191,33,1,0
BRDA:196,34,0,0
BRDA:196,34,1,0
BRDA:221,35,0,0
BRDA:221,35,1,0
BRDA:222,36,0,0
BRDA:222,36,1,0
BRDA:230,37,0,0
BRDA:230,37,1,0
BRDA:230,38,0,0
BRDA:230,38,1,0
BRDA:231,39,0,0
BRDA:231,39,1,0
BRDA:232,40,0,0
BRDA:232,40,1,0
BRDA:233,41,0,0
BRDA:233,41,1,0
BRDA:236,42,0,0
BRDA:236,42,1,0
BRDA:245,43,0,0
BRDA:245,43,1,0
BRDA:245,44,0,0
BRDA:245,44,1,0
BRDA:247,45,0,0
BRDA:247,45,1,0
BRDA:248,46,0,0
BRDA:248,46,1,0
BRDA:251,47,0,0
BRDA:251,47,1,0
BRDA:251,48,0,0
BRDA:251,48,1,0
BRDA:255,49,0,0
BRDA:255,49,1,0
BRDA:256,50,0,0
BRDA:256,50,1,0
BRDA:256,50,2,0
BRDA:261,51,0,0
BRDA:261,51,1,0
BRDA:271,52,0,0
BRDA:271,52,1,0
BRDA:272,53,0,0
BRDA:272,53,1,0
BRDA:276,54,0,0
BRDA:276,54,1,0
BRDA:283,55,0,0
BRDA:283,55,1,0
BRDA:286,56,0,0
BRDA:286,56,1,0
BRDA:290,57,0,0
BRDA:290,57,1,0
BRDA:294,58,0,0
BRDA:294,58,1,0
BRDA:316,59,0,0
BRDA:316,59,1,0
BRDA:317,60,0,0
BRDA:317,60,1,0
BRDA:328,61,0,0
BRDA:328,61,1,0
BRDA:329,62,0,0
BRDA:329,62,1,0
BRDA:330,63,0,0
BRDA:330,63,1,0
BRDA:331,64,0,0
BRDA:331,64,1,0
BRDA:342,65,0,0
BRDA:342,65,1,0
BRDA:346,66,0,0
BRDA:346,66,1,0
BRDA:348,67,0,0
BRDA:348,67,1,0
BRDA:350,68,0,0
BRDA:350,68,1,0
BRDA:352,69,0,0
BRDA:352,69,1,0
BRDA:356,70,0,0
BRDA:356,70,1,0
BRDA:358,71,0,0
BRDA:358,71,1,0
BRDA:360,72,0,0
BRDA:360,72,1,0
BRDA:373,73,0,0
BRDA:373,73,1,0
BRDA:374,74,0,0
BRDA:374,74,1,0
BRDA:375,75,0,0
BRDA:375,75,1,0
BRDA:376,76,0,0
BRDA:376,76,1,0
BRDA:390,77,0,0
BRDA:390,77,1,0
BRDA:391,78,0,0
BRDA:391,78,1,0
BRDA:392,79,0,0
BRDA:392,79,1,0
BRDA:393,80,0,0
BRDA:393,80,1,0
BRDA:403,81,0,0
BRDA:403,81,1,0
BRDA:404,82,0,0
BRDA:404,82,1,0
BRDA:411,83,0,0
BRDA:411,83,1,0
BRDA:412,84,0,0
BRDA:412,84,1,0
BRDA:413,85,0,0
BRDA:413,85,1,0
BRDA:414,86,0,0
BRDA:414,86,1,0
BRDA:415,87,0,0
BRDA:415,87,1,0
BRDA:416,88,0,0
BRDA:416,88,1,0
BRDA:432,89,0,0
BRDA:432,89,1,0
BRDA:437,90,0,0
BRDA:437,90,1,0
BRDA:442,91,0,0
BRDA:442,91,1,0
BRDA:442,92,0,0
BRDA:442,92,1,0
BRDA:445,93,0,0
BRDA:445,93,1,0
BRDA:445,94,0,0
BRDA:445,94,1,0
BRDA:456,95,0,0
BRDA:456,95,1,0
BRDA:457,96,0,0
BRDA:457,96,1,0
BRDA:461,97,0,0
BRDA:461,97,1,0
BRDA:461,98,0,0
BRDA:461,98,1,0
BRDA:463,99,0,0
BRDA:463,99,1,0
BRDA:463,100,0,0
BRDA:463,100,1,0
BRDA:465,101,0,0
BRDA:465,101,1,0
BRDA:465,102,0,0
BRDA:465,102,1,0
BRDA:467,103,0,0
BRDA:467,103,1,0
BRDA:467,104,0,0
BRDA:467,104,1,0
BRDA:468,105,0,0
BRDA:468,105,1,0
BRDA:469,106,0,0
BRDA:469,106,1,0
BRDA:470,107,0,0
BRDA:470,107,1,0
BRDA:474,108,0,0
BRDA:474,108,1,0
BRDA:477,109,0,0
BRDA:477,109,1,0
BRDA:483,110,0,0
BRDA:483,110,1,0
BRDA:484,111,0,0
BRDA:484,111,1,0
BRDA:486,112,0,0
BRDA:486,112,1,0
BRDA:527,113,0,0
BRDA:527,113,1,0
BRF:266
BRH:0
end_of_record
TN:
SF:src/code.js
FN:14,(anonymous_0)
FN:46,(anonymous_1)
FN:52,(anonymous_2)
FN:60,(anonymous_3)
FN:83,(anonymous_4)
FN:110,deg2Radian
FN:113,multiplyMatrices
FN:130,multiply
FN:137,move
FN:144,rotate
FN:150,calculateXYFromNode
FN:171,newCalculateRelative
FN:233,getTranslationAndScaling
FN:270,getTransformedPathDStr
FN:370,getArrayOfPathDComponents
FN:377,standardizePathDStrFormat
FNF:16
FNH:0
FNDA:0,(anonymous_0)
FNDA:0,(anonymous_1)
FNDA:0,(anonymous_2)
FNDA:0,(anonymous_3)
FNDA:0,(anonymous_4)
FNDA:0,deg2Radian
FNDA:0,multiplyMatrices
FNDA:0,multiply
FNDA:0,move
FNDA:0,rotate
FNDA:0,calculateXYFromNode
FNDA:0,newCalculateRelative
FNDA:0,getTranslationAndScaling
FNDA:0,getTransformedPathDStr
FNDA:0,getArrayOfPathDComponents
FNDA:0,standardizePathDStrFormat
DA:10,0
DA:14,0
DA:18,0
DA:19,0
DA:20,0
DA:21,0
DA:22,0
DA:23,0
DA:24,0
DA:25,0
DA:26,0
DA:27,0
DA:29,0
DA:32,0
DA:33,0
DA:34,0
DA:35,0
DA:36,0
DA:38,0
DA:39,0
DA:40,0
DA:41,0
DA:42,0
DA:43,0
DA:44,0
DA:45,0
DA:46,0
DA:47,0
DA:48,0
DA:51,0
DA:52,0
DA:53,0
DA:54,0
DA:55,0
DA:56,0
DA:57,0
DA:58,0
DA:60,0
DA:61,0
DA:62,0
DA:63,0
DA:64,0
DA:66,0
DA:67,0
DA:68,0
DA:69,0
DA:70,0
DA:71,0
DA:73,0
DA:74,0
DA:75,0
DA:77,0
DA:78,0
DA:79,0
DA:80,0
DA:81,0
DA:83,0
DA:84,0
DA:103,0
DA:111,0
DA:114,0
DA:115,0
DA:116,0
DA:117,0
DA:118,0
DA:119,0
DA:120,0
DA:121,0
DA:122,0
DA:123,0
DA:124,0
DA:128,0
DA:131,0
DA:138,0
DA:145,0
DA:151,0
DA:152,0
DA:153,0
DA:154,0
DA:155,0
DA:156,0
DA:157,0
DA:158,0
DA:159,0
DA:160,0
DA:161,0
DA:162,0
DA:163,0
DA:164,0
DA:165,0
DA:172,0
DA:173,0
DA:178,0
DA:180,0
DA:181,0
DA:183,0
DA:184,0
DA:185,0
DA:186,0
DA:187,0
DA:188,0
DA:189,0
DA:190,0
DA:191,0
DA:192,0
DA:193,0
DA:194,0
DA:195,0
DA:196,0
DA:197,0
DA:199,0
DA:200,0
DA:201,0
DA:202,0
DA:227,0
DA:234,0
DA:235,0
DA:236,0
DA:237,0
DA:238,0
DA:239,0
DA:242,0
DA:243,0
DA:247,0
DA:251,0
DA:252,0
DA:253,0
DA:254,0
DA:257,0
DA:258,0
DA:259,0
DA:260,0
DA:263,0
DA:264,0
DA:265,0
DA:267,0
DA:268,0
DA:272,0
DA:273,0
DA:274,0
DA:275,0
DA:276,0
DA:277,0
DA:278,0
DA:283,0
DA:284,0
DA:285,0
DA:288,0
DA:289,0
DA:290,0
DA:291,0
DA:293,0
DA:294,0
DA:295,0
DA:296,0
DA:298,0
DA:299,0
DA:301,0
DA:302,0
DA:304,0
DA:305,0
DA:307,0
DA:308,0
DA:311,0
DA:313,0
DA:315,0
DA:320,0
DA:322,0
DA:323,0
DA:325,0
DA:327,0
DA:328,0
DA:330,0
DA:336,0
DA:337,0
DA:338,0
DA:339,0
DA:341,0
DA:342,0
DA:343,0
DA:345,0
DA:346,0
DA:347,0
DA:352,0
DA:353,0
DA:354,0
DA:355,0
DA:356,0
DA:357,0
DA:358,0
DA:359,0
DA:360,0
DA:362,0
DA:363,0
DA:367,0
DA:368,0
DA:374,0
DA:375,0
DA:382,0
DA:391,0
LF:200
LH:0
BRDA:19,0,0,0
BRDA:19,0,1,0
BRDA:29,1,0,0
BRDA:29,1,1,0
BRDA:35,2,0,0
BRDA:35,2,1,0
BRDA:291,3,0,0
BRDA:291,3,1,0
BRDA:296,4,0,0
BRDA:296,4,1,0
BRDA:296,4,2,0
BRDA:296,4,3,0
BRDA:296,4,4,0
BRDA:313,5,0,0
BRDA:313,5,1,0
BRDA:320,6,0,0
BRDA:320,6,1,0
BRDA:325,7,0,0
BRDA:325,7,1,0
BRDA:330,8,0,0
BRDA:330,8,1,0
BRDA:330,8,2,0
BRDA:330,8,3,0
BRDA:330,8,4,0
BRF:24
BRH:0
end_of_record
TN:
SF:src/code.ts
FN:28,searchTopLevel
FN:48,walkTreeToDepth
FN:58,clone
FN:66,(anonymous_3)
FN:80,walkTree
FN:93,(anonymous_5)
FN:262,ab2str
FN:269,(anonymous_7)
FN:313,(anonymous_8)
FN:343,(anonymous_9)
FN:390,(anonymous_10)
FN:403,(anonymous_11)
FN:418,determineShouldFillBeInverted
FN:424,extractVegaViewData
FN:446,isNotNone
FN:450,calculateMiscSpecs
FN:461,inAny
FN:470,calculateIsVisible
FN:473,(anonymous_18)
FN:476,(anonymous_19)
FN:499,calculateFillSpecs
FN:515,calculateStrokeSpecs
FN:553,componentToHex
FN:558,rgbPercentToHex
FN:567,calculatePlacement
FN:582,shouldNodeBeOutlineStrokes
FN:599,vectorize
FN:619,deg2Radian
FN:623,multiplyMatrices
FN:644,multiply
FN:660,move
FN:668,rotate
FN:674,calculateXYFromNode
FN:704,newCalculateRelative
FN:782,getTranslationAndScaling
FN:840,getTransformedPathDStr
FN:943,getArrayOfPathDComponents
FN:951,standardizePathDStrFormat
FNF:38
FNH:0
FNDA:0,searchTopLevel
FNDA:0,walkTreeToDepth
FNDA:0,clone
FNDA:0,(anonymous_3)
FNDA:0,walkTree
FNDA:0,(anonymous_5)
FNDA:0,ab2str
FNDA:0,(anonymous_7)
FNDA:0,(anonymous_8)
FNDA:0,(anonymous_9)
FNDA:0,(anonymous_10)
FNDA:0,(anonymous_11)
FNDA:0,determineShouldFillBeInverted
FNDA:0,extractVegaViewData
FNDA:0,isNotNone
FNDA:0,calculateMiscSpecs
FNDA:0,inAny
FNDA:0,calculateIsVisible
FNDA:0,(anonymous_18)
FNDA:0,(anonymous_19)
FNDA:0,calculateFillSpecs
FNDA:0,calculateStrokeSpecs
FNDA:0,componentToHex
FNDA:0,rgbPercentToHex
FNDA:0,calculatePlacement
FNDA:0,shouldNodeBeOutlineStrokes
FNDA:0,vectorize
FNDA:0,deg2Radian
FNDA:0,multiplyMatrices
FNDA:0,multiply
FNDA:0,move
FNDA:0,rotate
FNDA:0,calculateXYFromNode
FNDA:0,newCalculateRelative
FNDA:0,getTranslationAndScaling
FNDA:0,getTransformedPathDStr
FNDA:0,getArrayOfPathDComponents
FNDA:0,standardizePathDStrFormat
DA:15,0
DA:17,0
DA:18,0
DA:19,0
DA:20,0
DA:29,0
DA:31,0
DA:32,0
DA:33,0
DA:34,0
DA:36,0
DA:37,0
DA:40,0
DA:45,0
DA:49,0
DA:50,0
DA:51,0
DA:52,0
DA:53,0
DA:59,0
DA:60,0
DA:61,0
DA:62,0
DA:63,0
DA:64,0
DA:65,0
DA:66,0
DA:67,0
DA:68,0
DA:70,0
DA:71,0
DA:72,0
DA:74,0
DA:77,0
DA:81,0
DA:82,0
DA:83,0
DA:84,0
DA:85,0
DA:93,0
DA:97,0
DA:98,0
DA:100,0
DA:101,0
DA:102,0
DA:103,0
DA:104,0
DA:106,0
DA:107,0
DA:109,0
DA:111,0
DA:113,0
DA:114,0
DA:116,0
DA:117,0
DA:118,0
DA:121,0
DA:122,0
DA:123,0
DA:125,0
DA:126,0
DA:127,0
DA:128,0
DA:130,0
DA:134,0
DA:135,0
DA:137,0
DA:138,0
DA:139,0
DA:140,0
DA:144,0
DA:145,0
DA:146,0
DA:147,0
DA:148,0
DA:149,0
DA:150,0
DA:151,0
DA:152,0
DA:154,0
DA:155,0
DA:156,0
DA:159,0
DA:160,0
DA:161,0
DA:164,0
DA:171,0
DA:172,0
DA:175,0
DA:177,0
DA:178,0
DA:180,0
DA:182,0
DA:183,0
DA:184,0
DA:186,0
DA:187,0
DA:189,0
DA:190,0
DA:191,0
DA:194,0
DA:195,0
DA:196,0
DA:199,0
DA:203,0
DA:204,0
DA:206,0
DA:207,0
DA:208,0
DA:210,0
DA:213,0
DA:215,0
DA:216,0
DA:220,0
DA:222,0
DA:223,0
DA:224,0
DA:225,0
DA:226,0
DA:227,0
DA:228,0
DA:230,0
DA:231,0
DA:232,0
DA:235,0
DA:236,0
DA:237,0
DA:240,0
DA:250,0
DA:253,0
DA:254,0
DA:255,0
DA:256,0
DA:260,0
DA:263,0
DA:269,0
DA:270,0
DA:271,0
DA:272,0
DA:278,0
DA:280,0
DA:281,0
DA:282,0
DA:283,0
DA:286,0
DA:293,0
DA:294,0
DA:296,0
DA:297,0
DA:298,0
DA:300,0
DA:301,0
DA:302,0
DA:305,0
DA:308,0
DA:312,0
DA:313,0
DA:314,0
DA:318,0
DA:320,0
DA:324,0
DA:327,0
DA:333,0
DA:334,0
DA:335,0
DA:336,0
DA:338,0
DA:339,0
DA:340,0
DA:341,0
DA:342,0
DA:343,0
DA:344,0
DA:345,0
DA:349,0
DA:350,0
DA:353,0
DA:358,0
DA:359,0
DA:360,0
DA:361,0
DA:363,0
DA:364,0
DA:381,0
DA:382,0
DA:383,0
DA:385,0
DA:386,0
DA:388,0
DA:390,0
DA:392,0
DA:393,0
DA:399,0
DA:401,0
DA:403,0
DA:405,0
DA:406,0
DA:407,0
DA:408,0
DA:410,0
DA:420,0
DA:421,0
DA:425,0
DA:436,0
DA:437,0
DA:438,0
DA:440,0
DA:441,0
DA:443,0
DA:447,0
DA:451,0
DA:452,0
DA:454,0
DA:456,0
DA:457,0
DA:459,0
DA:462,0
DA:463,0
DA:464,0
DA:465,0
DA:468,0
DA:471,0
DA:473,0
DA:474,0
DA:476,0
DA:477,0
DA:479,0
DA:481,0
DA:500,0
DA:501,0
DA:502,0
DA:504,0
DA:505,0
DA:506,0
DA:508,0
DA:509,0
DA:512,0
DA:516,0
DA:517,0
DA:518,0
DA:519,0
DA:521,0
DA:523,0
DA:524,0
DA:526,0
DA:528,0
DA:529,0
DA:532,0
DA:533,0
DA:536,0
DA:537,0
DA:540,0
DA:541,0
DA:544,0
DA:545,0
DA:550,0
DA:554,0
DA:555,0
DA:559,0
DA:568,0
DA:569,0
DA:570,0
DA:571,0
DA:573,0
DA:575,0
DA:576,0
DA:578,0
DA:579,0
DA:583,0
DA:585,0
DA:590,0
DA:591,0
DA:594,0
DA:596,0
DA:601,0
DA:603,0
DA:606,0
DA:609,0
DA:611,0
DA:612,0
DA:614,0
DA:616,0
DA:620,0
DA:624,0
DA:625,0
DA:626,0
DA:627,0
DA:628,0
DA:630,0
DA:631,0
DA:633,0
DA:634,0
DA:636,0
DA:637,0
DA:642,0
DA:645,0
DA:661,0
DA:669,0
DA:675,0
DA:676,0
DA:678,0
DA:679,0
DA:681,0
DA:682,0
DA:684,0
DA:685,0
DA:687,0
DA:691,0
DA:693,0
DA:695,0
DA:696,0
DA:697,0
DA:698,0
DA:705,0
DA:706,0
DA:712,0
DA:715,0
DA:717,0
DA:720,0
DA:721,0
DA:723,0
DA:724,0
DA:726,0
DA:727,0
DA:728,0
DA:730,0
DA:732,0
DA:734,0
DA:735,0
DA:736,0
DA:737,0
DA:738,0
DA:740,0
DA:746,0
DA:747,0
DA:748,0
DA:749,0
DA:775,0
DA:783,0
DA:784,0
DA:786,0
DA:787,0
DA:789,0
DA:790,0
DA:794,0
DA:795,0
DA:800,0
DA:806,0
DA:807,0
DA:808,0
DA:809,0
DA:814,0
DA:815,0
DA:816,0
DA:817,0
DA:821,0
DA:822,0
DA:823,0
DA:836,0
DA:837,0
DA:842,0
DA:843,0
DA:844,0
DA:845,0
DA:846,0
DA:847,0
DA:848,0
DA:854,0
DA:855,0
DA:856,0
DA:861,0
DA:863,0
DA:864,0
DA:865,0
DA:867,0
DA:868,0
DA:869,0
DA:870,0
DA:872,0
DA:873,0
DA:875,0
DA:876,0
DA:878,0
DA:879,0
DA:881,0
DA:882,0
DA:885,0
DA:887,0
DA:889,0
DA:893,0
DA:895,0
DA:896,0
DA:897,0
DA:899,0
DA:900,0
DA:902,0
DA:908,0
DA:909,0
DA:910,0
DA:911,0
DA:913,0
DA:914,0
DA:915,0
DA:917,0
DA:918,0
DA:919,0
DA:924,0
DA:925,0
DA:926,0
DA:927,0
DA:928,0
DA:929,0
DA:930,0
DA:931,0
DA:932,0
DA:934,0
DA:935,0
DA:939,0
DA:940,0
DA:947,0
DA:948,0
DA:956,0
DA:966,0
LF:423
LH:0
BRDA:36,0,0,0
BRDA:36,0,1,0
BRDA:48,1,0,0
BRDA:48,2,0,0
BRDA:51,3,0,0
BRDA:51,3,1,0
BRDA:51,4,0,0
BRDA:51,4,1,0
BRDA:60,5,0,0
BRDA:60,5,1,0
BRDA:62,6,0,0
BRDA:62,6,1,0
BRDA:62,7,0,0
BRDA:62,7,1,0
BRDA:62,7,2,0
BRDA:62,7,3,0
BRDA:64,8,0,0
BRDA:64,8,1,0
BRDA:65,9,0,0
BRDA:65,9,1,0
BRDA:67,10,0,0
BRDA:67,10,1,0
BRDA:83,11,0,0
BRDA:83,11,1,0
BRDA:98,12,0,0
BRDA:98,12,1,0
BRDA:116,13,0,0
BRDA:116,13,1,0
BRDA:121,14,0,0
BRDA:121,14,1,0
BRDA:137,15,0,0
BRDA:137,15,1,0
BRDA:137,16,0,0
BRDA:137,16,1,0
BRDA:140,17,0,0
BRDA:140,17,1,0
BRDA:140,18,0,0
BRDA:140,18,1,0
BRDA:154,19,0,0
BRDA:154,19,1,0
BRDA:159,20,0,0
BRDA:159,20,1,0
BRDA:171,21,0,0
BRDA:171,21,1,0
BRDA:183,22,0,0
BRDA:183,22,1,0
BRDA:189,23,0,0
BRDA:189,23,1,0
BRDA:194,24,0,0
BRDA:194,24,1,0
BRDA:206,25,0,0
BRDA:206,25,1,0
BRDA:206,26,0,0
BRDA:206,26,1,0
BRDA:210,27,0,0
BRDA:210,27,1,0
BRDA:210,28,0,0
BRDA:210,28,1,0
BRDA:215,29,0,0
BRDA:215,29,1,0
BRDA:230,30,0,0
BRDA:230,30,1,0
BRDA:235,31,0,0
BRDA:235,31,1,0
BRDA:250,32,0,0
BRDA:250,32,1,0
BRDA:278,33,0,0
BRDA:278,33,1,0
BRDA:300,34,0,0
BRDA:300,34,1,0
BRDA:300,35,0,0
BRDA:300,35,1,0
BRDA:333,36,0,0
BRDA:333,36,1,0
BRDA:338,37,0,0
BRDA:338,37,1,0
BRDA:349,38,0,0
BRDA:349,38,1,0
BRDA:382,39,0,0
BRDA:382,39,1,0
BRDA:399,40,0,0
BRDA:399,40,1,0
BRDA:420,41,0,0
BRDA:420,41,1,0
BRDA:452,42,0,0
BRDA:452,42,1,0
BRDA:456,43,0,0
BRDA:456,43,1,0
BRDA:456,44,0,0
BRDA:456,44,1,0
BRDA:464,45,0,0
BRDA:464,45,1,0
BRDA:473,46,0,0
BRDA:473,46,1,0
BRDA:473,47,0,0
BRDA:473,47,1,0
BRDA:476,48,0,0
BRDA:476,48,1,0
BRDA:476,49,0,0
BRDA:476,49,1,0
BRDA:502,50,0,0
BRDA:502,50,1,0
BRDA:502,51,0,0
BRDA:502,51,1,0
BRDA:502,51,2,0
BRDA:508,52,0,0
BRDA:508,52,1,0
BRDA:521,53,0,0
BRDA:521,53,1,0
BRDA:521,54,0,0
BRDA:521,54,1,0
BRDA:528,55,0,0
BRDA:528,55,1,0
BRDA:532,56,0,0
BRDA:532,56,1,0
BRDA:532,57,0,0
BRDA:532,57,1,0
BRDA:536,58,0,0
BRDA:536,58,1,0
BRDA:540,59,0,0
BRDA:540,59,1,0
BRDA:540,60,0,0
BRDA:540,60,1,0
BRDA:544,61,0,0
BRDA:544,61,1,0
BRDA:555,62,0,0
BRDA:555,62,1,0
BRDA:585,63,0,0
BRDA:585,63,1,0
BRDA:586,64,0,0
BRDA:586,64,1,0
BRDA:586,64,2,0
BRDA:591,65,0,0
BRDA:591,65,1,0
BRDA:591,66,0,0
BRDA:591,66,1,0
BRDA:611,67,0,0
BRDA:611,67,1,0
BRDA:611,68,0,0
BRDA:611,68,1,0
BRDA:865,69,0,0
BRDA:865,69,1,0
BRDA:871,70,0,0
BRDA:871,70,1,0
BRDA:871,70,2,0
BRDA:871,70,3,0
BRDA:871,70,4,0
BRDA:887,71,0,0
BRDA:887,71,1,0
BRDA:893,72,0,0
BRDA:893,72,1,0
BRDA:897,73,0,0
BRDA:897,73,1,0
BRDA:907,74,0,0
BRDA:907,74,1,0
BRDA:907,74,2,0
BRDA:907,74,3,0
BRDA:907,74,4,0
BRF:158
BRH:0
end_of_record
TN:
SF:src/helperFunctions.ts
FN:3,createNormalizedPath
FN:10,(anonymous_1)
FNF:2
FNH:0
FNDA:0,createNormalizedPath
FNDA:0,(anonymous_1)
DA:3,0
DA:4,0
DA:5,0
DA:7,0
DA:8,0
DA:10,0
DA:11,0
DA:12,0
DA:15,0
DA:16,0
LF:10
LH:0
BRF:0
BRH:0
end_of_record
TN:
SF:src/ui.js
FN:7,(anonymous_0)
FN:12,onFetch
FN:20,onCreate
FN:29,onGenerate
FN:41,onCancel
FN:44,(anonymous_5)
FN:46,(anonymous_6)
FN:50,(anonymous_7)
FN:55,(anonymous_8)
FNF:9
FNH:0
FNDA:0,(anonymous_0)
FNDA:0,onFetch
FNDA:0,onCreate
FNDA:0,onGenerate
FNDA:0,onCancel
FNDA:0,(anonymous_5)
FNDA:0,(anonymous_6)
FNDA:0,(anonymous_7)
FNDA:0,(anonymous_8)
DA:7,0
DA:8,0
DA:9,0
DA:10,0
DA:11,0
DA:13,0
DA:21,0
DA:27,0
DA:31,0
DA:32,0
DA:33,0
DA:34,0
DA:35,0
DA:38,0
DA:42,0
DA:44,0
DA:45,0
DA:46,0
DA:47,0
DA:48,0
DA:52,0
DA:53,0
DA:56,0
DA:60,0
DA:71,0
LF:25
LH:0
BRF:0
BRH:0
end_of_record
TN:
SF:src/utils.js
FN:1,(anonymous_0)
FN:7,walkTree
FNF:2
FNH:0
FNDA:0,(anonymous_0)
FNDA:0,walkTree
DA:1,0
DA:2,0
DA:5,0
DA:8,0
DA:9,0
DA:10,0
DA:11,0
DA:12,0
LF:8
LH:0
BRDA:10,0,0,0
BRDA:10,0,1,0
BRF:2
BRH:0
end_of_record
TN:
SF:src/utils.ts
FN:1,(anonymous_0)
FN:13,walkTree
FNF:2
FNH:0
FNDA:0,(anonymous_0)
FNDA:0,walkTree
DA:1,0
DA:4,0
DA:10,0
DA:14,0
DA:15,0
DA:16,0
DA:17,0
DA:18,0
LF:8
LH:0
BRDA:16,0,0,0
BRDA:16,0,1,0
BRF:2
BRH:0
end_of_record
TN:
SF:src/common/models/view.ts
FN:12,(anonymous_0)
FN:24,makeID
FNF:2
FNH:0
FNDA:0,(anonymous_0)
FNDA:0,makeID
DA:13,0
DA:14,0
DA:15,0
DA:16,0
DA:17,0
DA:18,0
DA:19,0
DA:20,0
DA:21,0
DA:25,0
DA:26,0
DA:27,0
DA:28,0
DA:29,0
DA:31,0
DA:34,0
LF:16
LH:0
BRDA:13,0,0,0
BRDA:13,0,1,0
BRDA:14,1,0,0
BRDA:14,1,1,0
BRDA:15,2,0,0
BRDA:15,2,1,0
BRDA:16,3,0,0
BRDA:16,3,1,0
BRDA:17,4,0,0
BRDA:17,4,1,0
BRDA:18,5,0,0
BRDA:18,5,1,0
BRDA:19,6,0,0
BRDA:19,6,1,0
BRDA:20,7,0,0
BRDA:20,7,1,0
BRDA:21,8,0,0
BRDA:21,8,1,0
BRF:18
BRH:0
end_of_record
TN:
SF:src/redux/actionTypes.ts
FNF:0
FNH:0
DA:1,0
DA:2,0
DA:3,0
DA:4,0
LF:4
LH:0
BRF:0
BRH:0
end_of_record
TN:
SF:src/redux/actions.ts
FN:9,(anonymous_0)
FN:16,(anonymous_1)
FNF:2
FNH:0
FNDA:0,(anonymous_0)
FNDA:0,(anonymous_1)
DA:1,0
DA:3,0
DA:9,0
DA:16,0
LF:4
LH:0
BRF:0
BRH:0
end_of_record
TN:
SF:src/redux/store.ts
FNF:0
FNH:0
DA:1,0
DA:2,0
DA:4,0
LF:3
LH:0
BRF:0
BRH:0
end_of_record
TN:
SF:src/redux/reducers/index.ts
FNF:0
FNH:0
DA:1,0
DA:2,0
DA:4,0
LF:3
LH:0
BRF:0
BRH:0
end_of_record
TN:
SF:src/redux/reducers/vegaViews.ts
FN:26,default_1
FN:36,(anonymous_1)
FN:48,(anonymous_2)
FN:60,(anonymous_3)
FNF:4
FNH:0
FNDA:0,default_1
FNDA:0,(anonymous_1)
FNDA:0,(anonymous_2)
FNDA:0,(anonymous_3)
DA:1,0
DA:8,0
DA:10,0
DA:26,0
DA:27,0
DA:29,0
DA:31,0
DA:34,0
DA:35,0
DA:36,0
DA:37,0
DA:38,0
DA:39,0
DA:40,0
DA:43,0
DA:46,0
DA:47,0
DA:48,0
DA:49,0
DA:50,0
DA:55,0
DA:58,0
DA:59,0
DA:60,0
DA:61,0
DA:62,0
DA:63,0
DA:64,0
DA:66,0
DA:69,0
DA:72,0
LF:31
LH:0
BRDA:26,0,0,0
BRDA:28,1,0,0
BRDA:28,1,1,0
BRDA:28,1,2,0
BRDA:28,1,3,0
BRDA:28,1,4,0
BRDA:38,2,0,0
BRDA:38,2,1,0
BRDA:49,3,0,0
BRDA:49,3,1,0
BRDA:61,4,0,0
BRDA:61,4,1,0
BRDA:63,5,0,0
BRDA:63,5,1,0
BRDA:63,6,0,0
BRDA:63,6,1,0
BRF:16
BRH:0
end_of_record
TN:
SF:src/svgToVega/svgToVega.ts
FN:10,parseSVGString
FN:19,convert
FNF:2
FNH:2
FNDA:3,parseSVGString
FNDA:3,convert
DA:2,1
DA:11,3
DA:13,3
DA:14,3
DA:16,2
DA:19,1
DA:20,3
DA:22,1
DA:23,0
DA:35,1
DA:36,1
LF:11
LH:10
BRDA:22,0,0,0
BRDA:22,0,1,1
BRF:2
BRH:1
end_of_record
TN:
SF:src/svgToVega/utils.ts
FN:2,matchObjectsInHierarchy
FN:2,(anonymous_1)
FN:7,matchObjectsRecrusive
FN:9,(anonymous_3)
FNF:4
FNH:0
FNDA:0,matchObjectsInHierarchy
FNDA:0,(anonymous_1)
FNDA:0,matchObjectsRecrusive
FNDA:0,(anonymous_3)
DA:2,0
DA:4,0
DA:5,0
DA:8,0
DA:9,0
DA:10,0
DA:11,0
DA:14,0
DA:15,0
DA:18,0
DA:21,0
LF:11
LH:0
BRDA:2,0,0,0
BRDA:2,1,0,0
BRDA:4,2,0,0
BRDA:4,2,1,0
BRDA:10,3,0,0
BRDA:10,3,1,0
BRDA:14,4,0,0
BRDA:14,4,1,0
BRDA:14,5,0,0
BRDA:14,5,1,0
BRDA:14,6,0,0
BRDA:14,6,1,0
BRF:12
BRH:0
end_of_record
